#
# There is insufficient memory for the Java Runtime Environment to continue.
# Native memory allocation (mmap) failed to map 179830784 bytes for committing reserved memory.
# Possible reasons:
#   The system is out of physical RAM or swap space
#   In 32 bit mode, the process size limit was hit
# Possible solutions:
#   Reduce memory load on the system
#   Increase physical memory or swap space
#   Check if swap backing store is full
#   Use 64 bit Java on a 64 bit OS
#   Decrease Java heap size (-Xmx/-Xms)
#   Decrease number of Java threads
#   Decrease Java thread stack sizes (-Xss)
#   Set larger code cache with -XX:ReservedCodeCacheSize=
# This output file may be truncated or incomplete.
#
#  Out of Memory Error (os_linux.cpp:2627), pid=24849, tid=0x00007f423d34b700
#
# JRE version: Java(TM) SE Runtime Environment (8.0_121-b13) (build 1.8.0_121-b13)
# Java VM: Java HotSpot(TM) 64-Bit Server VM (25.121-b13 mixed mode linux-amd64 compressed oops)
# Failed to write core dump. Core dumps have been disabled. To enable core dumping, try "ulimit -c unlimited" before starting Java again
#

---------------  T H R E A D  ---------------

Current thread (0x00007f4250081000):  VMThread [stack: 0x00007f423d24b000,0x00007f423d34c000] [id=24866]

Stack: [0x00007f423d24b000,0x00007f423d34c000],  sp=0x00007f423d34a120,  free space=1020k
Native frames: (J=compiled Java code, j=interpreted, Vv=VM code, C=native code)
V  [libjvm.so+0xac703a]  VMError::report_and_die()+0x2ba
V  [libjvm.so+0x4fc7eb]  report_vm_out_of_memory(char const*, int, unsigned long, VMErrorType, char const*)+0x8b
V  [libjvm.so+0x923c43]  os::Linux::commit_memory_impl(char*, unsigned long, bool)+0x103
V  [libjvm.so+0x924199]  os::pd_commit_memory(char*, unsigned long, unsigned long, bool)+0x29
V  [libjvm.so+0x91e4aa]  os::commit_memory(char*, unsigned long, unsigned long, bool)+0x2a
V  [libjvm.so+0x992f03]  PSVirtualSpace::expand_by(unsigned long)+0x53
V  [libjvm.so+0x9837c0]  PSOldGen::expand(unsigned long)+0x170
V  [libjvm.so+0x9839cb]  PSOldGen::resize(unsigned long)+0x1cb
V  [libjvm.so+0x98b6d1]  PSParallelCompact::invoke_no_policy(bool)+0x991
V  [libjvm.so+0x99102d]  PSScavenge::invoke()+0x1ad
V  [libjvm.so+0x947c10]  ParallelScavengeHeap::failed_mem_allocate(unsigned long)+0x70
V  [libjvm.so+0xac8a57]  VM_ParallelGCFailedAllocation::doit()+0x97
V  [libjvm.so+0xad0535]  VM_Operation::evaluate()+0x55
V  [libjvm.so+0xace90a]  VMThread::evaluate_operation(VM_Operation*)+0xba
V  [libjvm.so+0xacec8e]  VMThread::loop()+0x1ce
V  [libjvm.so+0xacf100]  VMThread::run()+0x70
V  [libjvm.so+0x926268]  java_start(Thread*)+0x108

VM_Operation (0x00007f41bf9f0260): ParallelGCFailedAllocation, mode: safepoint, requested by thread 0x00007f41e803f000


---------------  P R O C E S S  ---------------

Java Threads: ( => current thread )
  0x00007f42089f1800 JavaThread "block-manager-slave-async-thread-pool-2" daemon [_thread_blocked, id=24935, stack(0x00007f41becea000,0x00007f41bedeb000)]
  0x00007f42089f0000 JavaThread "block-manager-slave-async-thread-pool-1" daemon [_thread_blocked, id=24934, stack(0x00007f41bedeb000,0x00007f41beeec000)]
  0x00007f41f4006000 JavaThread "block-manager-slave-async-thread-pool-0" daemon [_thread_blocked, id=24933, stack(0x00007f41beeec000,0x00007f41befed000)]
  0x00007f41e8059000 JavaThread "block-manager-ask-thread-pool-0" daemon [_thread_blocked, id=24932, stack(0x00007f41befed000,0x00007f41bf0ee000)]
  0x00007f41e8049800 JavaThread "task-result-getter-3" daemon [_thread_blocked, id=24930, stack(0x00007f41bf0ee000,0x00007f41bf1ef000)]
  0x00007f41fc014800 JavaThread "task-result-getter-2" daemon [_thread_blocked, id=24929, stack(0x00007f41bf1ef000,0x00007f41bf2f0000)]
  0x00007f41e8048000 JavaThread "task-result-getter-1" daemon [_thread_blocked, id=24928, stack(0x00007f41bf2f0000,0x00007f41bf3f1000)]
  0x00007f41fc00f000 JavaThread "task-result-getter-0" daemon [_thread_blocked, id=24927, stack(0x00007f41bf3f1000,0x00007f41bf4f2000)]
  0x00007f41e803f000 JavaThread "Executor task launch worker-0" daemon [_thread_blocked, id=24926, stack(0x00007f41bf8f2000,0x00007f41bf9f3000)]
  0x00007f41dc012000 JavaThread "process reaper" daemon [_thread_blocked, id=24924, stack(0x00007f422c0f8000,0x00007f422c131000)]
  0x00007f425107b800 JavaThread "SparkListenerBus" daemon [_thread_blocked, id=24922, stack(0x00007f422c131000,0x00007f422c232000)]
  0x00007f4251050800 JavaThread "context-cleaner-periodic-gc" daemon [_thread_blocked, id=24921, stack(0x00007f422c232000,0x00007f422c333000)]
  0x00007f425104f000 JavaThread "Spark Context Cleaner" daemon [_thread_blocked, id=24920, stack(0x00007f422c333000,0x00007f422c434000)]
  0x00007f4250ea2000 JavaThread "shuffle-server-5-1" daemon [_thread_blocked, id=24919, stack(0x00007f422c634000,0x00007f422c735000)]
  0x00007f4250e9b800 JavaThread "driver-heartbeater" daemon [_thread_blocked, id=24918, stack(0x00007f422c735000,0x00007f422c836000)]
  0x00007f4250e87000 JavaThread "dag-scheduler-event-loop" daemon [_thread_blocked, id=24917, stack(0x00007f422ca36000,0x00007f422cb37000)]
  0x00007f41c8004000 JavaThread "netty-rpc-env-timeout" daemon [_thread_blocked, id=24916, stack(0x00007f422cb37000,0x00007f422cc38000)]
  0x00007f4250e5a000 JavaThread "Timer-0" daemon [_thread_blocked, id=24915, stack(0x00007f422cc38000,0x00007f422cd39000)]
  0x00007f41f0011800 JavaThread "heartbeat-receiver-event-loop-thread" daemon [_thread_blocked, id=24914, stack(0x00007f422cd39000,0x00007f422ce3a000)]
  0x00007f4250e05800 JavaThread "SparkUI-41" daemon [_thread_blocked, id=24913, stack(0x00007f422ce3a000,0x00007f422cf3b000)]
  0x00007f4250e04000 JavaThread "SparkUI-40" daemon [_thread_blocked, id=24912, stack(0x00007f422cf3b000,0x00007f422d03c000)]
  0x00007f4250e02000 JavaThread "SparkUI-39" daemon [_thread_blocked, id=24911, stack(0x00007f422d03c000,0x00007f422d13d000)]
  0x00007f4250e00000 JavaThread "SparkUI-38" daemon [_thread_blocked, id=24910, stack(0x00007f422d13d000,0x00007f422d23e000)]
  0x00007f4250dfe800 JavaThread "SparkUI-37" daemon [_thread_blocked, id=24909, stack(0x00007f422d23e000,0x00007f422d33f000)]
  0x00007f4250dfc800 JavaThread "SparkUI-36-acceptor-0@5cee4582-ServerConnector@5229a06f{HTTP/1.1}{0.0.0.0:4040}" daemon [_thread_in_native, id=24908, stack(0x00007f422d33f000,0x00007f422d440000)]
  0x00007f4250dfb800 JavaThread "SparkUI-35-selector-ServerConnectorManager@de0fe07/1" daemon [_thread_in_native, id=24907, stack(0x00007f422d440000,0x00007f422d541000)]
  0x00007f4250df6800 JavaThread "SparkUI-34-selector-ServerConnectorManager@de0fe07/0" daemon [_thread_in_native, id=24906, stack(0x00007f422d541000,0x00007f422d642000)]
  0x00007f4250cfa800 JavaThread "map-output-dispatcher-7" daemon [_thread_blocked, id=24903, stack(0x00007f422d846000,0x00007f422d947000)]
  0x00007f4250cf8800 JavaThread "map-output-dispatcher-6" daemon [_thread_blocked, id=24902, stack(0x00007f422d947000,0x00007f422da48000)]
  0x00007f4250cf7000 JavaThread "map-output-dispatcher-5" daemon [_thread_blocked, id=24901, stack(0x00007f422da48000,0x00007f422db49000)]
  0x00007f4250cf5000 JavaThread "map-output-dispatcher-4" daemon [_thread_blocked, id=24900, stack(0x00007f422db49000,0x00007f422dc4a000)]
  0x00007f4250cf3000 JavaThread "map-output-dispatcher-3" daemon [_thread_blocked, id=24899, stack(0x00007f422dc4a000,0x00007f422dd4b000)]
  0x00007f4250cf1800 JavaThread "map-output-dispatcher-2" daemon [_thread_blocked, id=24898, stack(0x00007f422dd4b000,0x00007f422de4c000)]
  0x00007f4250cef800 JavaThread "map-output-dispatcher-1" daemon [_thread_blocked, id=24897, stack(0x00007f422de4c000,0x00007f422df4d000)]
  0x00007f4250cee800 JavaThread "map-output-dispatcher-0" daemon [_thread_blocked, id=24896, stack(0x00007f422df4d000,0x00007f422e04e000)]
  0x00007f4250cd4800 JavaThread "shuffle-server-3-1" daemon [_thread_blocked, id=24895, stack(0x00007f422e24e000,0x00007f422e34f000)]
  0x00007f4250af9800 JavaThread "dispatcher-event-loop-3" daemon [_thread_blocked, id=24890, stack(0x00007f422e760000,0x00007f422e861000)]
  0x00007f4250af8000 JavaThread "dispatcher-event-loop-2" daemon [_thread_blocked, id=24889, stack(0x00007f422e861000,0x00007f422e962000)]
  0x00007f4250af6000 JavaThread "dispatcher-event-loop-1" daemon [_thread_blocked, id=24888, stack(0x00007f422e962000,0x00007f422ea63000)]
  0x00007f4250aea800 JavaThread "dispatcher-event-loop-0" daemon [_thread_blocked, id=24887, stack(0x00007f422ea63000,0x00007f422eb64000)]
  0x00007f4250789800 JavaThread "Monitor Ctrl-Break" daemon [_thread_in_native, id=24883, stack(0x00007f422fa89000,0x00007f422fb8a000)]
  0x00007f42500c9800 JavaThread "Service Thread" daemon [_thread_blocked, id=24881, stack(0x00007f423c462000,0x00007f423c563000)]
  0x00007f42500c6800 JavaThread "C1 CompilerThread2" daemon [_thread_blocked, id=24880, stack(0x00007f423c563000,0x00007f423c664000)]
  0x00007f42500c4800 JavaThread "C2 CompilerThread1" daemon [_thread_blocked, id=24879, stack(0x00007f423c664000,0x00007f423c765000)]
  0x00007f42500c1800 JavaThread "C2 CompilerThread0" daemon [_thread_blocked, id=24878, stack(0x00007f423c765000,0x00007f423c866000)]
  0x00007f42500c0000 JavaThread "Signal Dispatcher" daemon [_thread_blocked, id=24877, stack(0x00007f423c866000,0x00007f423c967000)]
  0x00007f425008d000 JavaThread "Finalizer" daemon [_thread_blocked, id=24870, stack(0x00007f423d049000,0x00007f423d14a000)]
  0x00007f4250088800 JavaThread "Reference Handler" daemon [_thread_blocked, id=24868, stack(0x00007f423d14a000,0x00007f423d24b000)]
  0x00007f4250012800 JavaThread "main" [_thread_blocked, id=24850, stack(0x00007f4255e32000,0x00007f4255f33000)]

Other Threads:
=>0x00007f4250081000 VMThread [stack: 0x00007f423d24b000,0x00007f423d34c000] [id=24866]
  0x00007f42500cd000 WatcherThread [stack: 0x00007f423c361000,0x00007f423c462000] [id=24882]

VM state:at safepoint (normal execution)

VM Mutex/Monitor currently owned by a thread:  ([mutex/lock_event])
[0x00007f425000e7c0] ExpandHeap_lock - owner thread: 0x00007f4250081000
[0x00007f425000ee40] Threads_lock - owner thread: 0x00007f4250081000
[0x00007f425000f340] Heap_lock - owner thread: 0x00007f41e803f000

Heap:
 PSYoungGen      total 626688K, used 0K [0x00000000d6f00000, 0x0000000100000000, 0x0000000100000000)
  eden space 580608K, 0% used [0x00000000d6f00000,0x00000000d6f00000,0x00000000fa600000)
  from space 46080K, 0% used [0x00000000fa600000,0x00000000fa600000,0x00000000fd300000)
  to   space 46080K, 0% used [0x00000000fd300000,0x00000000fd300000,0x0000000100000000)
 ParOldGen       total 247296K, used 245098K [0x0000000084c00000, 0x0000000093d80000, 0x00000000d6f00000)
  object space 247296K, 99% used [0x0000000084c00000,0x0000000093b5aaa8,0x0000000093d80000)
 Metaspace       used 36830K, capacity 37268K, committed 37464K, reserved 1081344K
  class space    used 5305K, capacity 5437K, committed 5464K, reserved 1048576K

Card table byte_map: [0x00007f423f7cc000,0x00007f423fba7000] byte_map_base: 0x00007f423f3a6000

Marking Bits: (ParMarkBitMap*) 0x00007f42552ffc80
 Begin Bits: [0x00007f4234260000, 0x00007f4236130000)
 End Bits:   [0x00007f4236130000, 0x00007f4238000000)

Polling page: 0x00007f4255f4f000

CodeCache: size=245760Kb used=9662Kb max_used=9667Kb free=236097Kb
 bounds [0x00007f423ff67000, 0x00007f42408e7000, 0x00007f424ef67000]
 total_blobs=3770 nmethods=3233 adapters=449
 compilation: enabled

Compilation events (10 events):
Event: 45.134 Thread 0x00007f42500c6800 3679       3       java.util.concurrent.locks.ReentrantLock$NonfairSync::tryAcquire (6 bytes)
Event: 45.134 Thread 0x00007f42500c6800 nmethod 3679 0x00007f42408d5ad0 code [0x00007f42408d5c40, 0x00007f42408d5e48]
Event: 45.134 Thread 0x00007f42500c6800 3680       1       org.apache.spark.scheduler.AccumulableInfo::name (5 bytes)
Event: 45.135 Thread 0x00007f42500c6800 nmethod 3680 0x00007f42408d5810 code [0x00007f42408d5960, 0x00007f42408d5a70]
Event: 45.135 Thread 0x00007f42500c6800 3681       1       org.apache.spark.scheduler.AccumulableInfo::update (5 bytes)
Event: 45.135 Thread 0x00007f42500c6800 nmethod 3681 0x00007f42408d5550 code [0x00007f42408d56a0, 0x00007f42408d57b0]
Event: 45.135 Thread 0x00007f42500c6800 3678       1       scala.concurrent.BatchingExecutor$Batch::scala$concurrent$BatchingExecutor$Batch$$$outer (5 bytes)
Event: 45.135 Thread 0x00007f42500c6800 nmethod 3678 0x00007f42408d51d0 code [0x00007f42408d5320, 0x00007f42408d5430]
Event: 45.135 Thread 0x00007f42500c6800 3676       3       scala.concurrent.impl.AbstractPromise::getState (5 bytes)
Event: 45.135 Thread 0x00007f42500c6800 nmethod 3676 0x00007f42408e0e10 code [0x00007f42408e0f80, 0x00007f42408e1170]

GC Heap History (10 events):
Event: 38.147 GC heap after
Heap after GC invocations=46 (full 2):
 PSYoungGen      total 669696K, used 768K [0x00000000d6f00000, 0x0000000100000000, 0x0000000100000000)
  eden space 667648K, 0% used [0x00000000d6f00000,0x00000000d6f00000,0x00000000ffb00000)
  from space 2048K, 37% used [0x00000000ffd00000,0x00000000ffdc0390,0x00000000fff00000)
  to   space 2048K, 0% used [0x00000000ffb00000,0x00000000ffb00000,0x00000000ffd00000)
 ParOldGen       total 70144K, used 10531K [0x0000000084c00000, 0x0000000089080000, 0x00000000d6f00000)
  object space 70144K, 15% used [0x0000000084c00000,0x0000000085648d48,0x0000000089080000)
 Metaspace       used 36135K, capacity 36598K, committed 36824K, reserved 1081344K
  class space    used 5190K, capacity 5304K, committed 5336K, reserved 1048576K
}
Event: 39.177 GC heap before
{Heap before GC invocations=47 (full 2):
 PSYoungGen      total 669696K, used 668416K [0x00000000d6f00000, 0x0000000100000000, 0x0000000100000000)
  eden space 667648K, 100% used [0x00000000d6f00000,0x00000000ffb00000,0x00000000ffb00000)
  from space 2048K, 37% used [0x00000000ffd00000,0x00000000ffdc0390,0x00000000fff00000)
  to   space 2048K, 0% used [0x00000000ffb00000,0x00000000ffb00000,0x00000000ffd00000)
 ParOldGen       total 70144K, used 10531K [0x0000000084c00000, 0x0000000089080000, 0x00000000d6f00000)
  object space 70144K, 15% used [0x0000000084c00000,0x0000000085648d48,0x0000000089080000)
 Metaspace       used 36146K, capacity 36598K, committed 36824K, reserved 1081344K
  class space    used 5190K, capacity 5304K, committed 5336K, reserved 1048576K
Event: 39.179 GC heap after
Heap after GC invocations=47 (full 2):
 PSYoungGen      total 669696K, used 736K [0x00000000d6f00000, 0x0000000100000000, 0x0000000100000000)
  eden space 667648K, 0% used [0x00000000d6f00000,0x00000000d6f00000,0x00000000ffb00000)
  from space 2048K, 35% used [0x00000000ffb00000,0x00000000ffbb8390,0x00000000ffd00000)
  to   space 2048K, 0% used [0x00000000ffe00000,0x00000000ffe00000,0x0000000100000000)
 ParOldGen       total 70144K, used 10531K [0x0000000084c00000, 0x0000000089080000, 0x00000000d6f00000)
  object space 70144K, 15% used [0x0000000084c00000,0x0000000085648d48,0x0000000089080000)
 Metaspace       used 36146K, capacity 36598K, committed 36824K, reserved 1081344K
  class space    used 5190K, capacity 5304K, committed 5336K, reserved 1048576K
}
Event: 42.393 GC heap before
{Heap before GC invocations=48 (full 2):
 PSYoungGen      total 669696K, used 668384K [0x00000000d6f00000, 0x0000000100000000, 0x0000000100000000)
  eden space 667648K, 100% used [0x00000000d6f00000,0x00000000ffb00000,0x00000000ffb00000)
  from space 2048K, 35% used [0x00000000ffb00000,0x00000000ffbb8390,0x00000000ffd00000)
  to   space 2048K, 0% used [0x00000000ffe00000,0x00000000ffe00000,0x0000000100000000)
 ParOldGen       total 70144K, used 10531K [0x0000000084c00000, 0x0000000089080000, 0x00000000d6f00000)
  object space 70144K, 15% used [0x0000000084c00000,0x0000000085648d48,0x0000000089080000)
 Metaspace       used 36698K, capacity 37140K, committed 37464K, reserved 1081344K
  class space    used 5270K, capacity 5373K, committed 5464K, reserved 1048576K
Event: 42.663 GC heap after
Heap after GC invocations=48 (full 2):
 PSYoungGen      total 582656K, used 2021K [0x00000000d6f00000, 0x0000000100000000, 0x0000000100000000)
  eden space 580608K, 0% used [0x00000000d6f00000,0x00000000d6f00000,0x00000000fa600000)
  from space 2048K, 98% used [0x00000000ffe00000,0x00000000ffff97d0,0x0000000100000000)
  to   space 46080K, 0% used [0x00000000fa600000,0x00000000fa600000,0x00000000fd300000)
 ParOldGen       total 128512K, used 128507K [0x0000000084c00000, 0x000000008c980000, 0x00000000d6f00000)
  object space 128512K, 99% used [0x0000000084c00000,0x000000008c97ed98,0x000000008c980000)
 Metaspace       used 36698K, capacity 37140K, committed 37464K, reserved 1081344K
  class space    used 5270K, capacity 5373K, committed 5464K, reserved 1048576K
}
Event: 42.676 GC heap before
{Heap before GC invocations=49 (full 3):
 PSYoungGen      total 582656K, used 2021K [0x00000000d6f00000, 0x0000000100000000, 0x0000000100000000)
  eden space 580608K, 0% used [0x00000000d6f00000,0x00000000d6f00000,0x00000000fa600000)
  from space 2048K, 98% used [0x00000000ffe00000,0x00000000ffff97d0,0x0000000100000000)
  to   space 46080K, 0% used [0x00000000fa600000,0x00000000fa600000,0x00000000fd300000)
 ParOldGen       total 128512K, used 128507K [0x0000000084c00000, 0x000000008c980000, 0x00000000d6f00000)
  object space 128512K, 99% used [0x0000000084c00000,0x000000008c97ed98,0x000000008c980000)
 Metaspace       used 36698K, capacity 37140K, committed 37464K, reserved 1081344K
  class space    used 5270K, capacity 5373K, committed 5464K, reserved 1048576K
Event: 44.054 GC heap after
Heap after GC invocations=49 (full 3):
 PSYoungGen      total 582656K, used 0K [0x00000000d6f00000, 0x0000000100000000, 0x0000000100000000)
  eden space 580608K, 0% used [0x00000000d6f00000,0x00000000d6f00000,0x00000000fa600000)
  from space 2048K, 0% used [0x00000000ffe00000,0x00000000ffe00000,0x0000000100000000)
  to   space 46080K, 0% used [0x00000000fa600000,0x00000000fa600000,0x00000000fd300000)
 ParOldGen       total 247296K, used 127460K [0x0000000084c00000, 0x0000000093d80000, 0x00000000d6f00000)
  object space 247296K, 51% used [0x0000000084c00000,0x000000008c879238,0x0000000093d80000)
 Metaspace       used 36698K, capacity 37140K, committed 37464K, reserved 1081344K
  class space    used 5270K, capacity 5373K, committed 5464K, reserved 1048576K
}
Event: 45.787 GC heap before
{Heap before GC invocations=50 (full 3):
 PSYoungGen      total 582656K, used 580608K [0x00000000d6f00000, 0x0000000100000000, 0x0000000100000000)
  eden space 580608K, 100% used [0x00000000d6f00000,0x00000000fa600000,0x00000000fa600000)
  from space 2048K, 0% used [0x00000000ffe00000,0x00000000ffe00000,0x0000000100000000)
  to   space 46080K, 0% used [0x00000000fa600000,0x00000000fa600000,0x00000000fd300000)
 ParOldGen       total 247296K, used 127460K [0x0000000084c00000, 0x0000000093d80000, 0x00000000d6f00000)
  object space 247296K, 51% used [0x0000000084c00000,0x000000008c879238,0x0000000093d80000)
 Metaspace       used 36830K, capacity 37268K, committed 37464K, reserved 1081344K
  class space    used 5305K, capacity 5437K, committed 5464K, reserved 1048576K
Event: 46.041 GC heap after
Heap after GC invocations=50 (full 3):
 PSYoungGen      total 626688K, used 46080K [0x00000000d6f00000, 0x0000000100000000, 0x0000000100000000)
  eden space 580608K, 0% used [0x00000000d6f00000,0x00000000d6f00000,0x00000000fa600000)
  from space 46080K, 100% used [0x00000000fa600000,0x00000000fd300000,0x00000000fd300000)
  to   space 46080K, 0% used [0x00000000fd300000,0x00000000fd300000,0x0000000100000000)
 ParOldGen       total 247296K, used 207934K [0x0000000084c00000, 0x0000000093d80000, 0x00000000d6f00000)
  object space 247296K, 84% used [0x0000000084c00000,0x000000009170f8c8,0x0000000093d80000)
 Metaspace       used 36830K, capacity 37268K, committed 37464K, reserved 1081344K
  class space    used 5305K, capacity 5437K, committed 5464K, reserved 1048576K
}
Event: 46.041 GC heap before
{Heap before GC invocations=51 (full 4):
 PSYoungGen      total 626688K, used 46080K [0x00000000d6f00000, 0x0000000100000000, 0x0000000100000000)
  eden space 580608K, 0% used [0x00000000d6f00000,0x00000000d6f00000,0x00000000fa600000)
  from space 46080K, 100% used [0x00000000fa600000,0x00000000fd300000,0x00000000fd300000)
  to   space 46080K, 0% used [0x00000000fd300000,0x00000000fd300000,0x0000000100000000)
 ParOldGen       total 247296K, used 207934K [0x0000000084c00000, 0x0000000093d80000, 0x00000000d6f00000)
  object space 247296K, 84% used [0x0000000084c00000,0x000000009170f8c8,0x0000000093d80000)
 Metaspace       used 36830K, capacity 37268K, committed 37464K, reserved 1081344K
  class space    used 5305K, capacity 5437K, committed 5464K, reserved 1048576K

Deoptimization events (10 events):
Event: 41.268 Thread 0x00007f41e803f000 Uncommon trap: reason=unstable_if action=reinterpret pc=0x00007f42408275c8 method=java.io.ObjectInputStream$PeekInputStream.peek()I @ 32
Event: 41.884 Thread 0x00007f41e803f000 Uncommon trap: reason=unstable_if action=reinterpret pc=0x00007f424078a928 method=java.io.ObjectInputStream$PeekInputStream.peek()I @ 32
Event: 44.669 Thread 0x00007f41e803f000 Uncommon trap: reason=unstable_if action=reinterpret pc=0x00007f424088f270 method=org.apache.spark.util.CompletionIterator.hasNext()Z @ 11
Event: 44.669 Thread 0x00007f41e803f000 Uncommon trap: reason=unstable_if action=reinterpret pc=0x00007f4240865bc8 method=org.apache.spark.util.collection.ExternalAppendOnlyMap.insertAll(Lscala/collection/Iterator;)V @ 39
Event: 44.669 Thread 0x00007f41e803f000 Uncommon trap: reason=class_check action=maybe_recompile pc=0x00007f4240849600 method=scala.collection.Iterator$$anon$12.hasNext()Z @ 4
Event: 44.702 Thread 0x00007f41e803f000 Uncommon trap: reason=unstable_if action=reinterpret pc=0x00007f42407fc4dc method=java.lang.Integer.equals(Ljava/lang/Object;)Z @ 18
Event: 44.702 Thread 0x00007f41e803f000 Uncommon trap: reason=unstable_if action=reinterpret pc=0x00007f4240899ef0 method=org.apache.spark.util.collection.ExternalAppendOnlyMap$$anonfun$3.apply(ZLjava/lang/Object;)Ljava/lang/Object; @ 1
Event: 44.703 Thread 0x00007f41e803f000 Uncommon trap: reason=unstable_if action=reinterpret pc=0x00007f4240865084 method=java.lang.Integer.equals(Ljava/lang/Object;)Z @ 18
Event: 44.703 Thread 0x00007f41e803f000 Uncommon trap: reason=unstable_if action=reinterpret pc=0x00007f4240885860 method=org.apache.spark.util.collection.CompactBuffer.$plus$eq(Ljava/lang/Object;)Lorg/apache/spark/util/collection/CompactBuffer; @ 7
Event: 45.134 Thread 0x00007f41f0011800 Uncommon trap: reason=unstable_if action=reinterpret pc=0x00007f4240845304 method=scala.collection.mutable.ArrayBuilder$ofRef.result()[Ljava/lang/Object; @ 16

Internal exceptions (10 events):
Event: 9.772 Thread 0x00007f4250af9800 Exception <a 'java/lang/NoSuchMethodError': <clinit>> (0x00000000d7dbf720) thrown at [/HUDSON3/workspace/8-2-build-linux-amd64/jdk8u121/8372/hotspot/src/share/vm/prims/jni.cpp, line 1613]
Event: 12.569 Thread 0x00007f41e803f000 Exception <a 'java/lang/NoSuchMethodError': <clinit>> (0x00000000e2aa7818) thrown at [/HUDSON3/workspace/8-2-build-linux-amd64/jdk8u121/8372/hotspot/src/share/vm/prims/jni.cpp, line 1613]
Event: 12.573 Thread 0x00007f41e803f000 Exception <a 'java/lang/NoSuchMethodError': <clinit>> (0x00000000e2b29080) thrown at [/HUDSON3/workspace/8-2-build-linux-amd64/jdk8u121/8372/hotspot/src/share/vm/prims/jni.cpp, line 1613]
Event: 39.624 Thread 0x00007f4250e87000 Exception <a 'java/lang/NoSuchMethodError': <clinit>> (0x00000000e2797800) thrown at [/HUDSON3/workspace/8-2-build-linux-amd64/jdk8u121/8372/hotspot/src/share/vm/prims/jni.cpp, line 1613]
Event: 39.642 Thread 0x00007f4250e87000 Exception <a 'java/lang/NoSuchMethodError': <clinit>> (0x00000000e27aed38) thrown at [/HUDSON3/workspace/8-2-build-linux-amd64/jdk8u121/8372/hotspot/src/share/vm/prims/jni.cpp, line 1613]
Event: 39.642 Thread 0x00007f4250e87000 Exception <a 'java/lang/NoSuchMethodError': <clinit>> (0x00000000e27b5ea8) thrown at [/HUDSON3/workspace/8-2-build-linux-amd64/jdk8u121/8372/hotspot/src/share/vm/prims/jni.cpp, line 1613]
Event: 39.713 Thread 0x00007f4250aea800 Exception <a 'java/lang/NoSuchMethodError': <clinit>> (0x00000000e2cc2580) thrown at [/HUDSON3/workspace/8-2-build-linux-amd64/jdk8u121/8372/hotspot/src/share/vm/prims/jni.cpp, line 1613]
Event: 39.713 Thread 0x00007f4250aea800 Exception <a 'java/lang/NoSuchMethodError': <clinit>> (0x00000000e2cc48c8) thrown at [/HUDSON3/workspace/8-2-build-linux-amd64/jdk8u121/8372/hotspot/src/share/vm/prims/jni.cpp, line 1613]
Event: 39.714 Thread 0x00007f4250aea800 Exception <a 'java/lang/NoSuchMethodError': <clinit>> (0x00000000e2ccd398) thrown at [/HUDSON3/workspace/8-2-build-linux-amd64/jdk8u121/8372/hotspot/src/share/vm/prims/jni.cpp, line 1613]
Event: 39.715 Thread 0x00007f4250aea800 Exception <a 'java/lang/NoSuchMethodError': <clinit>> (0x00000000e2cec828) thrown at [/HUDSON3/workspace/8-2-build-linux-amd64/jdk8u121/8372/hotspot/src/share/vm/prims/jni.cpp, line 1613]

Events (10 events):
Event: 44.703 Thread 0x00007f41e803f000 DEOPT PACKING pc=0x00007f4240885860 sp=0x00007f41bf9f0100
Event: 44.703 Thread 0x00007f41e803f000 DEOPT UNPACKING pc=0x00007f423ff6c229 sp=0x00007f41bf9f00b8 mode 2
Event: 44.802 Thread 0x00007f41e803f000 DEOPT PACKING pc=0x00007f42407fe2c8 sp=0x00007f41bf9f03a0
Event: 44.802 Thread 0x00007f41e803f000 DEOPT UNPACKING pc=0x00007f423ffae633 sp=0x00007f41bf9f0180 mode 0
Event: 45.133 Executing VM operation: RevokeBias
Event: 45.133 Executing VM operation: RevokeBias done
Event: 45.134 Thread 0x00007f41f0011800 Uncommon trap: trap_request=0xffffff65 fr.pc=0x00007f4240845304
Event: 45.134 Thread 0x00007f41f0011800 DEOPT PACKING pc=0x00007f4240845304 sp=0x00007f422ce38210
Event: 45.134 Thread 0x00007f41f0011800 DEOPT UNPACKING pc=0x00007f423ff6c229 sp=0x00007f422ce38178 mode 2
Event: 45.786 Executing VM operation: ParallelGCFailedAllocation


Dynamic libraries:
00400000-00401000 r-xp 00000000 08:07 7602391                            /home/sumit/Downloads/jdk1.8.0_121/bin/java
00600000-00601000 rw-p 00000000 08:07 7602391                            /home/sumit/Downloads/jdk1.8.0_121/bin/java
00bec000-00c0d000 rw-p 00000000 00:00 0                                  [heap]
84c00000-93d80000 rw-p 00000000 00:00 0 
9e900000-d6f00000 ---p 00000000 00:00 0 
d6f00000-100000000 rw-p 00000000 00:00 0 
100000000-100556000 rw-p 00000000 00:00 0 
100556000-140000000 ---p 00000000 00:00 0 
7f41b8000000-7f41b8021000 rw-p 00000000 00:00 0 
7f41b8021000-7f41bc000000 ---p 00000000 00:00 0 
7f41becea000-7f41beced000 ---p 00000000 00:00 0 
7f41beced000-7f41bedeb000 rw-p 00000000 00:00 0                          [stack:24935]
7f41bedeb000-7f41bedee000 ---p 00000000 00:00 0 
7f41bedee000-7f41beeec000 rw-p 00000000 00:00 0                          [stack:24934]
7f41beeec000-7f41beeef000 ---p 00000000 00:00 0 
7f41beeef000-7f41befed000 rw-p 00000000 00:00 0                          [stack:24933]
7f41befed000-7f41beff0000 ---p 00000000 00:00 0 
7f41beff0000-7f41bf0ee000 rw-p 00000000 00:00 0                          [stack:24932]
7f41bf0ee000-7f41bf0f1000 ---p 00000000 00:00 0 
7f41bf0f1000-7f41bf1ef000 rw-p 00000000 00:00 0                          [stack:24930]
7f41bf1ef000-7f41bf1f2000 ---p 00000000 00:00 0 
7f41bf1f2000-7f41bf2f0000 rw-p 00000000 00:00 0                          [stack:24929]
7f41bf2f0000-7f41bf2f3000 ---p 00000000 00:00 0 
7f41bf2f3000-7f41bf3f1000 rw-p 00000000 00:00 0                          [stack:24928]
7f41bf3f1000-7f41bf3f4000 ---p 00000000 00:00 0 
7f41bf3f4000-7f41bf632000 rw-p 00000000 00:00 0                          [stack:24927]
7f41bf632000-7f41bf6f2000 ---p 00000000 00:00 0 
7f41bf6f2000-7f41bf8f2000 rw-p 00000000 00:00 0 
7f41bf8f2000-7f41bf8f5000 ---p 00000000 00:00 0 
7f41bf8f5000-7f41bfbf3000 rw-p 00000000 00:00 0                          [stack:24926]
7f41bfbf3000-7f41bfc00000 r-xp 00000000 08:07 9046951                    /tmp/liblz4-java7948337332320445357.so
7f41bfc00000-7f41bfdff000 ---p 0000d000 08:07 9046951                    /tmp/liblz4-java7948337332320445357.so
7f41bfdff000-7f41bfe00000 rw-p 0000c000 08:07 9046951                    /tmp/liblz4-java7948337332320445357.so
7f41bfe00000-7f41c0000000 rw-p 00000000 00:00 0 
7f41c0000000-7f41c0021000 rw-p 00000000 00:00 0 
7f41c0021000-7f41c4000000 ---p 00000000 00:00 0 
7f41c4000000-7f41c4021000 rw-p 00000000 00:00 0 
7f41c4021000-7f41c8000000 ---p 00000000 00:00 0 
7f41c8000000-7f41c8022000 rw-p 00000000 00:00 0 
7f41c8022000-7f41cc000000 ---p 00000000 00:00 0 
7f41cc000000-7f41cc021000 rw-p 00000000 00:00 0 
7f41cc021000-7f41d0000000 ---p 00000000 00:00 0 
7f41d0000000-7f41d0021000 rw-p 00000000 00:00 0 
7f41d0021000-7f41d4000000 ---p 00000000 00:00 0 
7f41d4000000-7f41d4021000 rw-p 00000000 00:00 0 
7f41d4021000-7f41d8000000 ---p 00000000 00:00 0 
7f41d8000000-7f41d8021000 rw-p 00000000 00:00 0 
7f41d8021000-7f41dc000000 ---p 00000000 00:00 0 
7f41dc000000-7f41dc096000 rw-p 00000000 00:00 0 
7f41dc096000-7f41e0000000 ---p 00000000 00:00 0 
7f41e0000000-7f41e0021000 rw-p 00000000 00:00 0 
7f41e0021000-7f41e4000000 ---p 00000000 00:00 0 
7f41e4000000-7f41e4021000 rw-p 00000000 00:00 0 
7f41e4021000-7f41e8000000 ---p 00000000 00:00 0 
7f41e8000000-7f41e8061000 rw-p 00000000 00:00 0 
7f41e8061000-7f41ec000000 ---p 00000000 00:00 0 
7f41ec000000-7f41ec021000 rw-p 00000000 00:00 0 
7f41ec021000-7f41f0000000 ---p 00000000 00:00 0 
7f41f0000000-7f41f0089000 rw-p 00000000 00:00 0 
7f41f0089000-7f41f4000000 ---p 00000000 00:00 0 
7f41f4000000-7f41f4021000 rw-p 00000000 00:00 0 
7f41f4021000-7f41f8000000 ---p 00000000 00:00 0 
7f41f8000000-7f41f8021000 rw-p 00000000 00:00 0 
7f41f8021000-7f41fc000000 ---p 00000000 00:00 0 
7f41fc000000-7f41fc02f000 rw-p 00000000 00:00 0 
7f41fc02f000-7f4200000000 ---p 00000000 00:00 0 
7f4200000000-7f4200021000 rw-p 00000000 00:00 0 
7f4200021000-7f4204000000 ---p 00000000 00:00 0 
7f4204000000-7f4204021000 rw-p 00000000 00:00 0 
7f4204021000-7f4208000000 ---p 00000000 00:00 0 
7f4208000000-7f4209a5e000 rw-p 00000000 00:00 0 
7f4209a5e000-7f420c000000 ---p 00000000 00:00 0 
7f420c000000-7f420c713000 rw-p 00000000 00:00 0 
7f420c713000-7f4210000000 ---p 00000000 00:00 0 
7f4210000000-7f4210021000 rw-p 00000000 00:00 0 
7f4210021000-7f4214000000 ---p 00000000 00:00 0 
7f4214000000-7f42158e0000 rw-p 00000000 00:00 0 
7f42158e0000-7f4218000000 ---p 00000000 00:00 0 
7f4218000000-7f4218021000 rw-p 00000000 00:00 0 
7f4218021000-7f421c000000 ---p 00000000 00:00 0 
7f421c000000-7f421c021000 rw-p 00000000 00:00 0 
7f421c021000-7f4220000000 ---p 00000000 00:00 0 
7f4220000000-7f4220021000 rw-p 00000000 00:00 0 
7f4220021000-7f4224000000 ---p 00000000 00:00 0 
7f4224000000-7f42242c5000 rw-p 00000000 00:00 0 
7f42242c5000-7f4228000000 ---p 00000000 00:00 0 
7f4228000000-7f4228021000 rw-p 00000000 00:00 0 
7f4228021000-7f422c000000 ---p 00000000 00:00 0 
7f422c0f7000-7f422c0f8000 rw-p 00000000 00:00 0 
7f422c0f8000-7f422c0fb000 ---p 00000000 00:00 0 
7f422c0fb000-7f422c131000 rw-p 00000000 00:00 0                          [stack:24924]
7f422c131000-7f422c134000 ---p 00000000 00:00 0 
7f422c134000-7f422c232000 rw-p 00000000 00:00 0                          [stack:24922]
7f422c232000-7f422c235000 ---p 00000000 00:00 0 
7f422c235000-7f422c333000 rw-p 00000000 00:00 0                          [stack:24921]
7f422c333000-7f422c336000 ---p 00000000 00:00 0 
7f422c336000-7f422c634000 rw-p 00000000 00:00 0                          [stack:24920]
7f422c634000-7f422c637000 ---p 00000000 00:00 0 
7f422c637000-7f422c735000 rw-p 00000000 00:00 0                          [stack:24919]
7f422c735000-7f422c738000 ---p 00000000 00:00 0 
7f422c738000-7f422ca36000 rw-p 00000000 00:00 0                          [stack:24918]
7f422ca36000-7f422ca39000 ---p 00000000 00:00 0 
7f422ca39000-7f422cb37000 rw-p 00000000 00:00 0                          [stack:24917]
7f422cb37000-7f422cb3a000 ---p 00000000 00:00 0 
7f422cb3a000-7f422cc38000 rw-p 00000000 00:00 0                          [stack:24916]
7f422cc38000-7f422cc3b000 ---p 00000000 00:00 0 
7f422cc3b000-7f422cd39000 rw-p 00000000 00:00 0                          [stack:24915]
7f422cd39000-7f422cd3c000 ---p 00000000 00:00 0 
7f422cd3c000-7f422ce3a000 rw-p 00000000 00:00 0                          [stack:24914]
7f422ce3a000-7f422ce3d000 ---p 00000000 00:00 0 
7f422ce3d000-7f422cf3b000 rw-p 00000000 00:00 0                          [stack:24913]
7f422cf3b000-7f422cf3e000 ---p 00000000 00:00 0 
7f422cf3e000-7f422d03c000 rw-p 00000000 00:00 0                          [stack:24912]
7f422d03c000-7f422d03f000 ---p 00000000 00:00 0 
7f422d03f000-7f422d13d000 rw-p 00000000 00:00 0                          [stack:24911]
7f422d13d000-7f422d140000 ---p 00000000 00:00 0 
7f422d140000-7f422d23e000 rw-p 00000000 00:00 0                          [stack:24910]
7f422d23e000-7f422d241000 ---p 00000000 00:00 0 
7f422d241000-7f422d33f000 rw-p 00000000 00:00 0                          [stack:24909]
7f422d33f000-7f422d342000 ---p 00000000 00:00 0 
7f422d342000-7f422d440000 rw-p 00000000 00:00 0                          [stack:24908]
7f422d440000-7f422d443000 ---p 00000000 00:00 0 
7f422d443000-7f422d541000 rw-p 00000000 00:00 0                          [stack:24907]
7f422d541000-7f422d544000 ---p 00000000 00:00 0 
7f422d544000-7f422d842000 rw-p 00000000 00:00 0                          [stack:24906]
7f422d842000-7f422d846000 r--s 0009a000 08:07 7602417                    /home/sumit/Downloads/jdk1.8.0_121/jre/lib/jsse.jar
7f422d846000-7f422d849000 ---p 00000000 00:00 0 
7f422d849000-7f422d947000 rw-p 00000000 00:00 0                          [stack:24903]
7f422d947000-7f422d94a000 ---p 00000000 00:00 0 
7f422d94a000-7f422da48000 rw-p 00000000 00:00 0                          [stack:24902]
7f422da48000-7f422da4b000 ---p 00000000 00:00 0 
7f422da4b000-7f422db49000 rw-p 00000000 00:00 0                          [stack:24901]
7f422db49000-7f422db4c000 ---p 00000000 00:00 0 
7f422db4c000-7f422dc4a000 rw-p 00000000 00:00 0                          [stack:24900]
7f422dc4a000-7f422dc4d000 ---p 00000000 00:00 0 
7f422dc4d000-7f422dd4b000 rw-p 00000000 00:00 0                          [stack:24899]
7f422dd4b000-7f422dd4e000 ---p 00000000 00:00 0 
7f422dd4e000-7f422de4c000 rw-p 00000000 00:00 0                          [stack:24898]
7f422de4c000-7f422de4f000 ---p 00000000 00:00 0 
7f422de4f000-7f422df4d000 rw-p 00000000 00:00 0                          [stack:24897]
7f422df4d000-7f422df50000 ---p 00000000 00:00 0 
7f422df50000-7f422e24e000 rw-p 00000000 00:00 0                          [stack:24896]
7f422e24e000-7f422e251000 ---p 00000000 00:00 0 
7f422e251000-7f422e34f000 rw-p 00000000 00:00 0                          [stack:24895]
7f422e34f000-7f422e360000 r-xp 00000000 08:07 7602498                    /home/sumit/Downloads/jdk1.8.0_121/jre/lib/amd64/libnio.so
7f422e360000-7f422e55f000 ---p 00011000 08:07 7602498                    /home/sumit/Downloads/jdk1.8.0_121/jre/lib/amd64/libnio.so
7f422e55f000-7f422e560000 rw-p 00010000 08:07 7602498                    /home/sumit/Downloads/jdk1.8.0_121/jre/lib/amd64/libnio.so
7f422e560000-7f422e760000 rw-p 00000000 00:00 0 
7f422e760000-7f422e763000 ---p 00000000 00:00 0 
7f422e763000-7f422e861000 rw-p 00000000 00:00 0                          [stack:24890]
7f422e861000-7f422e864000 ---p 00000000 00:00 0 
7f422e864000-7f422e962000 rw-p 00000000 00:00 0                          [stack:24889]
7f422e962000-7f422e965000 ---p 00000000 00:00 0 
7f422e965000-7f422ea63000 rw-p 00000000 00:00 0                          [stack:24888]
7f422ea63000-7f422ea66000 ---p 00000000 00:00 0 
7f422ea66000-7f422ed64000 rw-p 00000000 00:00 0                          [stack:24887]
7f422ed64000-7f422ed67000 r--s 0001a000 08:07 7602727                    /home/sumit/Downloads/jdk1.8.0_121/jre/lib/jce.jar
7f422ed67000-7f422ed68000 r-xp 00000000 08:07 7602532                    /home/sumit/Downloads/jdk1.8.0_121/jre/lib/amd64/libjaas_unix.so
7f422ed68000-7f422ef67000 ---p 00001000 08:07 7602532                    /home/sumit/Downloads/jdk1.8.0_121/jre/lib/amd64/libjaas_unix.so
7f422ef67000-7f422ef68000 rw-p 00000000 08:07 7602532                    /home/sumit/Downloads/jdk1.8.0_121/jre/lib/amd64/libjaas_unix.so
7f422ef68000-7f422f168000 rw-p 00000000 00:00 0 
7f422f168000-7f422f171000 r-xp 00000000 08:07 7602509                    /home/sumit/Downloads/jdk1.8.0_121/jre/lib/amd64/libmanagement.so
7f422f171000-7f422f370000 ---p 00009000 08:07 7602509                    /home/sumit/Downloads/jdk1.8.0_121/jre/lib/amd64/libmanagement.so
7f422f370000-7f422f371000 rw-p 00008000 08:07 7602509                    /home/sumit/Downloads/jdk1.8.0_121/jre/lib/amd64/libmanagement.so
7f422f371000-7f422f571000 rw-p 00000000 00:00 0 
7f422f571000-7f422f872000 rw-p 00000000 00:00 0 
7f422f872000-7f422f888000 r-xp 00000000 08:07 7602473                    /home/sumit/Downloads/jdk1.8.0_121/jre/lib/amd64/libnet.so
7f422f888000-7f422fa88000 ---p 00016000 08:07 7602473                    /home/sumit/Downloads/jdk1.8.0_121/jre/lib/amd64/libnet.so
7f422fa88000-7f422fa89000 rw-p 00016000 08:07 7602473                    /home/sumit/Downloads/jdk1.8.0_121/jre/lib/amd64/libnet.so
7f422fa89000-7f422fa8c000 ---p 00000000 00:00 0 
7f422fa8c000-7f422fb8a000 rw-p 00000000 00:00 0                          [stack:24883]
7f422fb8a000-7f422fb8b000 r-xp 00000000 08:07 7089080                    /home/sumit/IntelliJ/idea-IC-163.12024.16/bin/libbreakgen64.so
7f422fb8b000-7f422fd8a000 ---p 00001000 08:07 7089080                    /home/sumit/IntelliJ/idea-IC-163.12024.16/bin/libbreakgen64.so
7f422fd8a000-7f422fd8b000 r--p 00000000 08:07 7089080                    /home/sumit/IntelliJ/idea-IC-163.12024.16/bin/libbreakgen64.so
7f422fd8b000-7f422fd8c000 rw-p 00001000 08:07 7089080                    /home/sumit/IntelliJ/idea-IC-163.12024.16/bin/libbreakgen64.so
7f422fd8c000-7f422fd8e000 r--s 00019000 08:07 7081108                    /home/sumit/IntelliJ/idea-IC-163.12024.16/lib/idea_rt.jar
7f422fd8e000-7f422fd8f000 r--s 00003000 08:07 7997626                    /home/sumit/.coursier/cache/v1/https/repo1.maven.org/maven2/xmlenc/xmlenc/0.52/xmlenc-0.52.jar
7f422fd8f000-7f422fd91000 r--s 0000e000 08:07 7997487                    /home/sumit/.coursier/cache/v1/https/repo1.maven.org/maven2/oro/oro/2.0.8/oro-2.0.8.jar
7f422fd91000-7f422fd93000 r--s 00100000 08:07 7997609                    /home/sumit/.coursier/cache/v1/https/repo1.maven.org/maven2/org/xerial/snappy/snappy-java/1.1.2.6/snappy-java-1.1.2.6.jar
7f422fd93000-7f422fd97000 r--s 00014000 08:07 7997597                    /home/sumit/.coursier/cache/v1/https/repo1.maven.org/maven2/org/tukaani/xz/1.0/xz-1.0.jar
7f422fd97000-7f422fd98000 r--s 00000000 08:07 7997535                    /home/sumit/.coursier/cache/v1/https/repo1.maven.org/maven2/org/spark-project/spark/unused/1.0.0/unused-1.0.0.jar
7f422fd98000-7f422fd99000 r--s 00002000 08:07 7997585                    /home/sumit/.coursier/cache/v1/https/repo1.maven.org/maven2/org/slf4j/slf4j-log4j12/1.7.16/slf4j-log4j12-1.7.16.jar
7f422fd99000-7f422fd9a000 r--s 00009000 08:07 7997410                    /home/sumit/.coursier/cache/v1/https/repo1.maven.org/maven2/org/slf4j/slf4j-api/1.7.16/slf4j-api-1.7.16.jar
7f422fd9a000-7f422fd9c000 r--s 00000000 08:07 7997502                    /home/sumit/.coursier/cache/v1/https/repo1.maven.org/maven2/org/slf4j/jul-to-slf4j/1.7.16/jul-to-slf4j-1.7.16.jar
7f422fd9c000-7f422fe02000 r--s 00675000 08:07 7997604                    /home/sumit/.coursier/cache/v1/https/repo1.maven.org/maven2/org/scalatest/scalatest_2.11/2.2.4/scalatest_2.11-2.2.4.jar
7f422fe02000-7f422fe0d000 r--s 00094000 08:07 7997370                    /home/sumit/.coursier/cache/v1/https/repo1.maven.org/maven2/org/scala-lang/modules/scala-xml_2.11/1.0.4/scala-xml_2.11-1.0.4.jar
7f422fe0d000-7f422fe18000 r--s 0005d000 08:07 7997379                    /home/sumit/.coursier/cache/v1/https/repo1.maven.org/maven2/org/scala-lang/modules/scala-parser-combinators_2.11/1.0.4/scala-parser-combinators_2.11-1.0.4.jar
7f422fe18000-7f422fe2a000 r--s 000b3000 08:07 7997498                    /home/sumit/.coursier/cache/v1/https/repo1.maven.org/maven2/org/scala-lang/scalap/2.11.8/scalap-2.11.8.jar
7f422fe2a000-7f422fe76000 r--s 00411000 08:07 7997607                    /home/sumit/.coursier/cache/v1/https/repo1.maven.org/maven2/org/scala-lang/scala-reflect/2.11.8/scala-reflect-2.11.8.jar
7f422fe76000-7f422fecf000 r--s 00522000 08:07 7997524                    /home/sumit/.coursier/cache/v1/https/repo1.maven.org/maven2/org/scala-lang/scala-library/2.11.8/scala-library-2.11.8.jar
7f422fecf000-7f422fef4000 rw-p 00000000 00:00 0 
7f422fef4000-7f4230000000 r--s 00dba000 08:07 7997380                    /home/sumit/.coursier/cache/v1/https/repo1.maven.org/maven2/org/scala-lang/scala-compiler/2.11.8/scala-compiler-2.11.8.jar
7f4230000000-7f423002d000 rw-p 00000000 00:00 0 
7f423002d000-7f4234000000 ---p 00000000 00:00 0 
7f4234000000-7f4234002000 r--s 00003000 08:07 7997436                    /home/sumit/.coursier/cache/v1/https/repo1.maven.org/maven2/org/slf4j/jcl-over-slf4j/1.7.16/jcl-over-slf4j-1.7.16.jar
7f4234002000-7f4234005000 r--s 0002f000 08:07 7997399                    /home/sumit/.coursier/cache/v1/https/repo1.maven.org/maven2/org/roaringbitmap/RoaringBitmap/0.5.11/RoaringBitmap-0.5.11.jar
7f4234005000-7f4234007000 r--s 00009000 08:07 7997425                    /home/sumit/.coursier/cache/v1/https/repo1.maven.org/maven2/org/objenesis/objenesis/2.1/objenesis-2.1.jar
7f4234007000-7f423400b000 r--s 00028000 08:07 7997474                    /home/sumit/.coursier/cache/v1/https/repo1.maven.org/maven2/org/mortbay/jetty/jetty-util/6.1.26/jetty-util-6.1.26.jar
7f423400b000-7f423400c000 r--s 00009000 08:07 7997422                    /home/sumit/.coursier/cache/v1/https/repo1.maven.org/maven2/org/json4s/json4s-jackson_2.11/3.2.11/json4s-jackson_2.11-3.2.11.jar
7f423400c000-7f4234016000 r--s 00086000 08:07 7997414                    /home/sumit/.coursier/cache/v1/https/repo1.maven.org/maven2/org/json4s/json4s-core_2.11/3.2.11/json4s-core_2.11-3.2.11.jar
7f4234016000-7f4234019000 r--s 00012000 08:07 7997637                    /home/sumit/.coursier/cache/v1/https/repo1.maven.org/maven2/org/json4s/json4s-ast_2.11/3.2.11/json4s-ast_2.11-3.2.11.jar
7f4234019000-7f4234023000 r--s 000a5000 08:07 7997611                    /home/sumit/.coursier/cache/v1/https/repo1.maven.org/maven2/org/javassist/javassist/3.18.1-GA/javassist-3.18.1-GA.jar
7f4234023000-7f4234025000 r--s 00010000 08:07 7997431                    /home/sumit/.coursier/cache/v1/https/repo1.maven.org/maven2/org/glassfish/jersey/media/jersey-media-jaxb/2.22.2/jersey-media-jaxb-2.22.2.jar
7f4234025000-7f423403b000 r--s 000d3000 08:07 7997521                    /home/sumit/.coursier/cache/v1/https/repo1.maven.org/maven2/org/glassfish/jersey/core/jersey-server/2.22.2/jersey-server-2.22.2.jar
7f423403b000-7f4234049000 r--s 0009d000 08:07 7997547                    /home/sumit/.coursier/cache/v1/https/repo1.maven.org/maven2/org/glassfish/jersey/core/jersey-common/2.22.2/jersey-common-2.22.2.jar
7f4234049000-7f423404d000 r--s 00025000 08:07 7997480                    /home/sumit/.coursier/cache/v1/https/repo1.maven.org/maven2/org/glassfish/jersey/core/jersey-client/2.22.2/jersey-client-2.22.2.jar
7f423404d000-7f4234050000 r--s 0000e000 08:07 7997556                    /home/sumit/.coursier/cache/v1/https/repo1.maven.org/maven2/org/glassfish/jersey/containers/jersey-container-servlet-core/2.22.2/jersey-container-servlet-core-2.22.2.jar
7f4234050000-7f4234052000 r--s 00003000 08:07 7997390                    /home/sumit/.coursier/cache/v1/https/repo1.maven.org/maven2/org/glassfish/jersey/containers/jersey-container-servlet/2.22.2/jersey-container-servlet-2.22.2.jar
7f4234052000-7f423406a000 r--s 000d6000 08:07 7997594                    /home/sumit/.coursier/cache/v1/https/repo1.maven.org/maven2/org/glassfish/jersey/bundles/repackaged/jersey-guava/2.22.2/jersey-guava-2.22.2.jar
7f423406a000-7f423406b000 r--s 00001000 08:07 7997513                    /home/sumit/.coursier/cache/v1/https/repo1.maven.org/maven2/org/glassfish/hk2/external/javax.inject/2.4.0-b34/javax.inject-2.4.0-b34.jar
7f423406b000-7f423406d000 r--s 00002000 08:07 7997448                    /home/sumit/.coursier/cache/v1/https/repo1.maven.org/maven2/org/glassfish/hk2/external/aopalliance-repackaged/2.4.0-b34/aopalliance-repackaged-2.4.0-b34.jar
7f423406d000-7f4234071000 r--s 0001a000 08:07 7997534                    /home/sumit/.coursier/cache/v1/https/repo1.maven.org/maven2/org/glassfish/hk2/hk2-utils/2.4.0-b34/hk2-utils-2.4.0-b34.jar
7f4234071000-7f4234075000 r--s 00029000 08:07 7997577                    /home/sumit/.coursier/cache/v1/https/repo1.maven.org/maven2/org/glassfish/hk2/hk2-locator/2.4.0-b34/hk2-locator-2.4.0-b34.jar
7f4234075000-7f423407f000 r--s 000aa000 08:07 7997395                    /home/sumit/.coursier/cache/v1/https/repo1.maven.org/maven2/org/codehaus/janino/janino/3.0.0/janino-3.0.0.jar
7f423407f000-7f4234100000 r--s 005dc000 08:07 7997561                    /home/sumit/.coursier/cache/v1/https/repo1.maven.org/maven2/org/apache/spark/spark-sql_2.11/2.1.0/spark-sql_2.11-2.1.0.jar
7f4234100000-7f42341d7000 r--s 00a7f000 08:07 7997407                    /home/sumit/.coursier/cache/v1/https/repo1.maven.org/maven2/org/apache/spark/spark-core_2.11/2.1.0/spark-core_2.11-2.1.0.jar
7f42341d7000-7f4234260000 r--s 00682000 08:07 7997376                    /home/sumit/.coursier/cache/v1/https/repo1.maven.org/maven2/org/apache/spark/spark-catalyst_2.11/2.1.0/spark-catalyst_2.11-2.1.0.jar
7f4234260000-7f4238000000 rw-p 00000000 00:00 0 
7f4238000000-7f4238023000 rw-p 00000000 00:00 0 
7f4238023000-7f423c000000 ---p 00000000 00:00 0 
7f423c000000-7f423c001000 r--s 00004000 08:07 7997464                    /home/sumit/.coursier/cache/v1/https/repo1.maven.org/maven2/org/glassfish/hk2/osgi-resource-locator/1.0.1/osgi-resource-locator-1.0.1.jar
7f423c001000-7f423c006000 r--s 00027000 08:07 7997441                    /home/sumit/.coursier/cache/v1/https/repo1.maven.org/maven2/org/glassfish/hk2/hk2-api/2.4.0-b34/hk2-api-2.4.0-b34.jar
7f423c006000-7f423c009000 r--s 000fd000 08:07 7997506                    /home/sumit/.coursier/cache/v1/https/repo1.maven.org/maven2/org/fusesource/leveldbjni/leveldbjni-all/1.8/leveldbjni-all-1.8.jar
7f423c009000-7f423c00a000 r--s 00008000 08:07 7997455                    /home/sumit/.coursier/cache/v1/https/repo1.maven.org/maven2/org/codehaus/janino/commons-compiler/3.0.0/commons-compiler-3.0.0.jar
7f423c00a000-7f423c018000 r--s 000b1000 08:07 7997538                    /home/sumit/.coursier/cache/v1/https/repo1.maven.org/maven2/org/codehaus/jackson/jackson-mapper-asl/1.9.13/jackson-mapper-asl-1.9.13.jar
7f423c018000-7f423c01c000 r--s 00035000 08:07 7997405                    /home/sumit/.coursier/cache/v1/https/repo1.maven.org/maven2/org/codehaus/jackson/jackson-core-asl/1.9.13/jackson-core-asl-1.9.13.jar
7f423c01c000-7f423c028000 r--s 000b3000 08:07 7997563                    /home/sumit/.coursier/cache/v1/https/repo1.maven.org/maven2/org/apache/zookeeper/zookeeper/3.4.5/zookeeper-3.4.5.jar
7f423c028000-7f423c02b000 r--s 00021000 08:07 7997499                    /home/sumit/.coursier/cache/v1/https/repo1.maven.org/maven2/org/apache/xbean/xbean-asm5-shaded/4.4/xbean-asm5-shaded-4.4.jar
7f423c02b000-7f423c02d000 r--s 00009000 08:07 7997569                    /home/sumit/.coursier/cache/v1/https/repo1.maven.org/maven2/org/apache/spark/spark-unsafe_2.11/2.1.0/spark-unsafe_2.11-2.1.0.jar
7f423c02d000-7f423c02f000 r--s 00003000 08:07 7997408                    /home/sumit/.coursier/cache/v1/https/repo1.maven.org/maven2/org/apache/spark/spark-tags_2.11/2.1.0/spark-tags_2.11-2.1.0.jar
7f423c02f000-7f423c031000 r--s 00006000 08:07 7997526                    /home/sumit/.coursier/cache/v1/https/repo1.maven.org/maven2/org/apache/spark/spark-sketch_2.11/2.1.0/spark-sketch_2.11-2.1.0.jar
7f423c031000-7f423c034000 r--s 0000d000 08:07 7997510                    /home/sumit/.coursier/cache/v1/https/repo1.maven.org/maven2/org/apache/spark/spark-network-shuffle_2.11/2.1.0/spark-network-shuffle_2.11-2.1.0.jar
7f423c034000-7f423c062000 r--s 00212000 08:07 7997546                    /home/sumit/.coursier/cache/v1/https/repo1.maven.org/maven2/org/apache/spark/spark-network-common_2.11/2.1.0/spark-network-common_2.11-2.1.0.jar
7f423c062000-7f423c064000 r--s 0000f000 08:07 7997412                    /home/sumit/.coursier/cache/v1/https/repo1.maven.org/maven2/org/apache/spark/spark-launcher_2.11/2.1.0/spark-launcher_2.11-2.1.0.jar
7f423c064000-7f423c078000 r--s 000ec000 08:07 7997384                    /home/sumit/.coursier/cache/v1/https/repo1.maven.org/maven2/org/apache/parquet/parquet-jackson/1.8.1/parquet-jackson-1.8.1.jar
7f423c078000-7f423c07d000 r--s 00031000 08:07 7997401                    /home/sumit/.coursier/cache/v1/https/repo1.maven.org/maven2/org/apache/parquet/parquet-hadoop/1.8.1/parquet-hadoop-1.8.1.jar
7f423c07d000-7f423c084000 r--s 00058000 08:07 7997433                    /home/sumit/.coursier/cache/v1/https/repo1.maven.org/maven2/org/apache/parquet/parquet-format/2.3.0-incubating/parquet-format-2.3.0-incubating.jar
7f423c084000-7f423c08a000 r--s 00040000 08:07 7997490                    /home/sumit/.coursier/cache/v1/https/repo1.maven.org/maven2/org/apache/parquet/parquet-encoding/1.8.1/parquet-encoding-1.8.1.jar
7f423c08a000-7f423c08c000 r--s 00008000 08:07 7997582                    /home/sumit/.coursier/cache/v1/https/repo1.maven.org/maven2/org/apache/parquet/parquet-common/1.8.1/parquet-common-1.8.1.jar
7f423c08c000-7f423c0a2000 r--s 000d1000 08:07 7997544                    /home/sumit/.coursier/cache/v1/https/repo1.maven.org/maven2/org/apache/parquet/parquet-column/1.8.1/parquet-column-1.8.1.jar
7f423c0a2000-7f423c0b8000 r--s 00124000 08:07 7997559                    /home/sumit/.coursier/cache/v1/https/repo1.maven.org/maven2/org/apache/ivy/ivy/2.4.0/ivy-2.4.0.jar
7f423c0b8000-7f423c0c3000 r--s 00068000 08:07 7997469                    /home/sumit/.coursier/cache/v1/https/repo1.maven.org/maven2/org/apache/hadoop/hadoop-yarn-server-nodemanager/2.2.0/hadoop-yarn-server-nodemanager-2.2.0.jar
7f423c0c3000-7f423c0c7000 r--s 00027000 08:07 7997468                    /home/sumit/.coursier/cache/v1/https/repo1.maven.org/maven2/org/apache/hadoop/hadoop-yarn-server-common/2.2.0/hadoop-yarn-server-common-2.2.0.jar
7f423c0c7000-7f423c0d9000 r--s 0012c000 08:07 7997533                    /home/sumit/.coursier/cache/v1/https/repo1.maven.org/maven2/org/apache/hadoop/hadoop-yarn-common/2.2.0/hadoop-yarn-common-2.2.0.jar
7f423c0d9000-7f423c0dc000 r--s 00015000 08:07 7997377                    /home/sumit/.coursier/cache/v1/https/repo1.maven.org/maven2/org/apache/hadoop/hadoop-yarn-client/2.2.0/hadoop-yarn-client-2.2.0.jar
7f423c0dc000-7f423c0ed000 r--s 0010a000 08:07 7997485                    /home/sumit/.coursier/cache/v1/https/repo1.maven.org/maven2/org/apache/hadoop/hadoop-yarn-api/2.2.0/hadoop-yarn-api-2.2.0.jar
7f423c0ed000-7f423c0ef000 r--s 00004000 08:07 7997450                    /home/sumit/.coursier/cache/v1/https/repo1.maven.org/maven2/org/apache/hadoop/hadoop-mapreduce-client-shuffle/2.2.0/hadoop-mapreduce-client-shuffle-2.2.0.jar
7f423c0ef000-7f423c0f0000 r--s 00008000 08:07 7997491                    /home/sumit/.coursier/cache/v1/https/repo1.maven.org/maven2/org/apache/hadoop/hadoop-mapreduce-client-jobclient/2.2.0/hadoop-mapreduce-client-jobclient-2.2.0.jar
7f423c0f0000-7f423c108000 r--s 0014c000 08:07 7997421                    /home/sumit/.coursier/cache/v1/https/repo1.maven.org/maven2/org/apache/hadoop/hadoop-mapreduce-client-core/2.2.0/hadoop-mapreduce-client-core-2.2.0.jar
7f423c108000-7f423c114000 r--s 00095000 08:07 7997596                    /home/sumit/.coursier/cache/v1/https/repo1.maven.org/maven2/org/apache/hadoop/hadoop-mapreduce-client-common/2.2.0/hadoop-mapreduce-client-common-2.2.0.jar
7f423c114000-7f423c11d000 r--s 0006d000 08:07 7997378                    /home/sumit/.coursier/cache/v1/https/repo1.maven.org/maven2/org/apache/hadoop/hadoop-mapreduce-client-app/2.2.0/hadoop-mapreduce-client-app-2.2.0.jar
7f423c11d000-7f423c162000 r--s 004bb000 08:07 7997424                    /home/sumit/.coursier/cache/v1/https/repo1.maven.org/maven2/org/apache/hadoop/hadoop-hdfs/2.2.0/hadoop-hdfs-2.2.0.jar
7f423c162000-7f423c18d000 r--s 00271000 08:07 7997467                    /home/sumit/.coursier/cache/v1/https/repo1.maven.org/maven2/org/apache/hadoop/hadoop-common/2.2.0/hadoop-common-2.2.0.jar
7f423c18d000-7f423c18e000 r--s 00000000 08:07 7997587                    /home/sumit/.coursier/cache/v1/https/repo1.maven.org/maven2/org/apache/hadoop/hadoop-client/2.2.0/hadoop-client-2.2.0.jar
7f423c18e000-7f423c190000 r--s 0000b000 08:07 7997530                    /home/sumit/.coursier/cache/v1/https/repo1.maven.org/maven2/org/apache/hadoop/hadoop-auth/2.2.0/hadoop-auth-2.2.0.jar
7f423c190000-7f423c192000 r--s 00003000 08:07 7997385                    /home/sumit/.coursier/cache/v1/https/repo1.maven.org/maven2/org/apache/hadoop/hadoop-annotations/2.2.0/hadoop-annotations-2.2.0.jar
7f423c192000-7f423c198000 r--s 00035000 08:07 7997478                    /home/sumit/.coursier/cache/v1/https/repo1.maven.org/maven2/org/apache/curator/curator-recipes/2.4.0/curator-recipes-2.4.0.jar
7f423c198000-7f423c19d000 r--s 00027000 08:07 7997438                    /home/sumit/.coursier/cache/v1/https/repo1.maven.org/maven2/org/apache/curator/curator-framework/2.4.0/curator-framework-2.4.0.jar
7f423c19d000-7f423c1a0000 r--s 0000e000 08:07 7997496                    /home/sumit/.coursier/cache/v1/https/repo1.maven.org/maven2/org/apache/curator/curator-client/2.4.0/curator-client-2.4.0.jar
7f423c1a0000-7f423c1c4000 r--s 001cd000 08:07 7997566                    /home/sumit/.coursier/cache/v1/https/repo1.maven.org/maven2/org/apache/commons/commons-math3/3.4.1/commons-math3-3.4.1.jar
7f423c1c4000-7f423c1d5000 r--s 000bb000 08:07 7997475                    /home/sumit/.coursier/cache/v1/https/repo1.maven.org/maven2/org/apache/commons/commons-math/2.1/commons-math-2.1.jar
7f423c1d5000-7f423c1dd000 r--s 0006e000 08:07 7997482                    /home/sumit/.coursier/cache/v1/https/repo1.maven.org/maven2/org/apache/commons/commons-lang3/3.5/commons-lang3-3.5.jar
7f423c1dd000-7f423c1df000 r--s 0001f000 08:07 7997382                    /home/sumit/.coursier/cache/v1/https/repo1.maven.org/maven2/org/apache/commons/commons-crypto/1.0.0/commons-crypto-1.0.0.jar
7f423c1df000-7f423c1e4000 r--s 00036000 08:07 7997445                    /home/sumit/.coursier/cache/v1/https/repo1.maven.org/maven2/org/apache/commons/commons-compress/1.4.1/commons-compress-1.4.1.jar
7f423c1e4000-7f423c1e9000 r--s 00028000 08:07 7997567                    /home/sumit/.coursier/cache/v1/https/repo1.maven.org/maven2/org/apache/avro/avro-mapred/1.7.7/avro-mapred-1.7.7-hadoop2.jar
7f423c1e9000-7f423c1f0000 r--s 0004e000 08:07 7997459                    /home/sumit/.coursier/cache/v1/https/repo1.maven.org/maven2/org/apache/avro/avro-ipc/1.7.7/avro-ipc-1.7.7-tests.jar
7f423c1f0000-7f423c1f4000 r--s 0002c000 08:07 7997394                    /home/sumit/.coursier/cache/v1/https/repo1.maven.org/maven2/org/apache/avro/avro-ipc/1.7.7/avro-ipc-1.7.7.jar
7f423c1f4000-7f423c1fd000 r--s 00062000 08:07 7997590                    /home/sumit/.coursier/cache/v1/https/repo1.maven.org/maven2/org/apache/avro/avro/1.7.7/avro-1.7.7.jar
7f423c1fd000-7f423c203000 r--s 00044000 08:07 7997400                    /home/sumit/.coursier/cache/v1/https/repo1.maven.org/maven2/org/antlr/antlr4-runtime/4.5.3/antlr4-runtime-4.5.3.jar
7f423c203000-7f423c206000 r--s 0001a000 08:07 7997454                    /home/sumit/.coursier/cache/v1/https/repo1.maven.org/maven2/net/sf/py4j/py4j/0.10.4/py4j-0.10.4.jar
7f423c206000-7f423c209000 r--s 00015000 08:07 7997589                    /home/sumit/.coursier/cache/v1/https/repo1.maven.org/maven2/net/razorvine/pyrolite/4.13/pyrolite-4.13.jar
7f423c209000-7f423c20b000 r--s 00038000 08:07 7997619                    /home/sumit/.coursier/cache/v1/https/repo1.maven.org/maven2/net/jpountz/lz4/lz4/1.3.0/lz4-1.3.0.jar
7f423c20b000-7f423c211000 r--s 00057000 08:07 7997460                    /home/sumit/.coursier/cache/v1/https/repo1.maven.org/maven2/net/java/dev/jets3t/jets3t/0.7.1/jets3t-0.7.1.jar
7f423c211000-7f423c21a000 r--s 0006f000 08:07 7997632                    /home/sumit/.coursier/cache/v1/https/repo1.maven.org/maven2/log4j/log4j/1.2.17/log4j-1.2.17.jar
7f423c21a000-7f423c21c000 r--s 00014000 08:07 7997543                    /home/sumit/.coursier/cache/v1/https/repo1.maven.org/maven2/jline/jline/0.9.94/jline-0.9.94.jar
7f423c21c000-7f423c220000 r--s 00019000 08:07 7997519                    /home/sumit/.coursier/cache/v1/https/repo1.maven.org/maven2/javax/ws/rs/javax.ws.rs-api/2.0.1/javax.ws.rs-api-2.0.1.jar
7f423c220000-7f423c224000 r--s 0000c000 08:07 7997634                    /home/sumit/.coursier/cache/v1/https/repo1.maven.org/maven2/javax/validation/validation-api/1.1.0.Final/validation-api-1.1.0.Final.jar
7f423c224000-7f423c227000 r--s 00015000 08:07 7997578                    /home/sumit/.coursier/cache/v1/https/repo1.maven.org/maven2/javax/servlet/javax.servlet-api/3.1.0/javax.servlet-api-3.1.0.jar
7f423c227000-7f423c228000 r--s 00000000 08:07 7997419                    /home/sumit/.coursier/cache/v1/https/repo1.maven.org/maven2/javax/inject/javax.inject/1/javax.inject-1.jar
7f423c228000-7f423c22a000 r--s 00005000 08:07 7997629                    /home/sumit/.coursier/cache/v1/https/repo1.maven.org/maven2/javax/annotation/javax.annotation-api/1.2/javax.annotation-api-1.2.jar
7f423c22a000-7f423c251000 r--s 0020f000 08:07 7997615                    /home/sumit/.coursier/cache/v1/https/repo1.maven.org/maven2/io/netty/netty-all/4.0.42.Final/netty-all-4.0.42.Final.jar
7f423c251000-7f423c269000 r--s 00115000 08:07 7997393                    /home/sumit/.coursier/cache/v1/https/repo1.maven.org/maven2/io/netty/netty/3.8.0.Final/netty-3.8.0.Final.jar
7f423c269000-7f423c26b000 r--s 00008000 08:07 7997504                    /home/sumit/.coursier/cache/v1/https/repo1.maven.org/maven2/io/dropwizard/metrics/metrics-jvm/3.1.2/metrics-jvm-3.1.2.jar
7f423c26b000-7f423c26c000 r--s 00003000 08:07 7997452                    /home/sumit/.coursier/cache/v1/https/repo1.maven.org/maven2/io/dropwizard/metrics/metrics-json/3.1.2/metrics-json-3.1.2.jar
7f423c26c000-7f423c26e000 r--s 00004000 08:07 7997516                    /home/sumit/.coursier/cache/v1/https/repo1.maven.org/maven2/io/dropwizard/metrics/metrics-graphite/3.1.2/metrics-graphite-3.1.2.jar
7f423c26e000-7f423c272000 r--s 00018000 08:07 7997440                    /home/sumit/.coursier/cache/v1/https/repo1.maven.org/maven2/io/dropwizard/metrics/metrics-core/3.1.2/metrics-core-3.1.2.jar
7f423c272000-7f423c277000 r--s 0003e000 08:07 7997555                    /home/sumit/.coursier/cache/v1/https/repo1.maven.org/maven2/commons-net/commons-net/3.1/commons-net-3.1.jar
7f423c277000-7f423c27c000 r--s 00040000 08:07 7997600                    /home/sumit/.coursier/cache/v1/https/repo1.maven.org/maven2/commons-lang/commons-lang/2.5/commons-lang-2.5.jar
7f423c27c000-7f423c27f000 r--s 00025000 08:07 7997483                    /home/sumit/.coursier/cache/v1/https/repo1.maven.org/maven2/commons-io/commons-io/2.1/commons-io-2.1.jar
7f423c27f000-7f423c285000 r--s 00045000 08:07 7997610                    /home/sumit/.coursier/cache/v1/https/repo1.maven.org/maven2/commons-httpclient/commons-httpclient/3.1/commons-httpclient-3.1.jar
7f423c285000-7f423c289000 r--s 00020000 08:07 7997616                    /home/sumit/.coursier/cache/v1/https/repo1.maven.org/maven2/commons-digester/commons-digester/1.8/commons-digester-1.8.jar
7f423c289000-7f423c28f000 r--s 00043000 08:07 7997532                    /home/sumit/.coursier/cache/v1/https/repo1.maven.org/maven2/commons-configuration/commons-configuration/1.6/commons-configuration-1.6.jar
7f423c28f000-7f423c29d000 r--s 0007f000 08:07 7997528                    /home/sumit/.coursier/cache/v1/https/repo1.maven.org/maven2/commons-collections/commons-collections/3.2.1/commons-collections-3.2.1.jar
7f423c29d000-7f423c2a4000 r--s 0003f000 08:07 7997471                    /home/sumit/.coursier/cache/v1/https/repo1.maven.org/maven2/commons-codec/commons-codec/1.10/commons-codec-1.10.jar
7f423c2a4000-7f423c2a6000 r--s 00009000 08:07 7997560                    /home/sumit/.coursier/cache/v1/https/repo1.maven.org/maven2/commons-cli/commons-cli/1.2/commons-cli-1.2.jar
7f423c2a6000-7f423c2aa000 r--s 0002f000 08:07 7997416                    /home/sumit/.coursier/cache/v1/https/repo1.maven.org/maven2/commons-beanutils/commons-beanutils-core/1.8.0/commons-beanutils-core-1.8.0.jar
7f423c2aa000-7f423c2af000 r--s 0002a000 08:07 7997494                    /home/sumit/.coursier/cache/v1/https/repo1.maven.org/maven2/commons-beanutils/commons-beanutils/1.7.0/commons-beanutils-1.7.0.jar
7f423c2af000-7f423c2b6000 r--s 00049000 08:07 7997507                    /home/sumit/.coursier/cache/v1/https/repo1.maven.org/maven2/com/univocity/univocity-parsers/2.2.1/univocity-parsers-2.2.1.jar
7f423c2b6000-7f423c2bb000 r--s 00032000 08:07 7997605                    /home/sumit/.coursier/cache/v1/https/repo1.maven.org/maven2/com/twitter/chill_2.11/0.8.0/chill_2.11-0.8.0.jar
7f423c2bb000-7f423c2bd000 r--s 0000b000 08:07 7997549                    /home/sumit/.coursier/cache/v1/https/repo1.maven.org/maven2/com/twitter/chill-java/0.8.0/chill-java-0.8.0.jar
7f423c2bd000-7f423c2bf000 r--s 00007000 08:07 7997457                    /home/sumit/.coursier/cache/v1/https/repo1.maven.org/maven2/com/thoughtworks/paranamer/paranamer/2.6/paranamer-2.6.jar
7f423c2bf000-7f423c2c1000 r--s 00012000 08:07 7997572                    /home/sumit/.coursier/cache/v1/https/repo1.maven.org/maven2/com/ning/compress-lzf/1.0.3/compress-lzf-1.0.3.jar
7f423c2c1000-7f423c2c9000 r--s 0007b000 08:07 7997522                    /home/sumit/.coursier/cache/v1/https/repo1.maven.org/maven2/com/google/protobuf/protobuf-java/2.5.0/protobuf-java-2.5.0.jar
7f423c2c9000-7f423c2d8000 r--s 0009f000 08:07 7997432                    /home/sumit/.coursier/cache/v1/https/repo1.maven.org/maven2/com/google/inject/guice/3.0/guice-3.0.jar
7f423c2d8000-7f423c301000 r--s 001ee000 08:07 7997463                    /home/sumit/.coursier/cache/v1/https/repo1.maven.org/maven2/com/google/guava/guava/14.0.1/guava-14.0.1.jar
7f423c301000-7f423c304000 r--s 00006000 08:07 7997621                    /home/sumit/.coursier/cache/v1/https/repo1.maven.org/maven2/com/google/code/findbugs/jsr305/1.3.9/jsr305-1.3.9.jar
7f423c304000-7f423c311000 r--s 00071000 08:07 7997624                    /home/sumit/.coursier/cache/v1/https/repo1.maven.org/maven2/com/fasterxml/jackson/module/jackson-module-scala_2.11/2.6.5/jackson-module-scala_2.11-2.6.5.jar
7f423c311000-7f423c313000 r--s 00009000 08:07 7997573                    /home/sumit/.coursier/cache/v1/https/repo1.maven.org/maven2/com/fasterxml/jackson/module/jackson-module-paranamer/2.6.5/jackson-module-paranamer-2.6.5.jar
7f423c313000-7f423c324000 r--s 0010d000 08:07 7997539                    /home/sumit/.coursier/cache/v1/https/repo1.maven.org/maven2/com/fasterxml/jackson/core/jackson-databind/2.6.5/jackson-databind-2.6.5.jar
7f423c324000-7f423c328000 r--s 0003c000 08:07 7997636                    /home/sumit/.coursier/cache/v1/https/repo1.maven.org/maven2/com/fasterxml/jackson/core/jackson-core/2.6.5/jackson-core-2.6.5.jar
7f423c328000-7f423c32b000 r--s 00009000 08:07 7997427                    /home/sumit/.coursier/cache/v1/https/repo1.maven.org/maven2/com/fasterxml/jackson/core/jackson-annotations/2.6.5/jackson-annotations-2.6.5.jar
7f423c32b000-7f423c32c000 r--s 00001000 08:07 7997591                    /home/sumit/.coursier/cache/v1/https/repo1.maven.org/maven2/com/esotericsoftware/minlog/1.3.0/minlog-1.3.0.jar
7f423c32c000-7f423c333000 r--s 00051000 08:07 7997617                    /home/sumit/.coursier/cache/v1/https/repo1.maven.org/maven2/com/esotericsoftware/kryo-shaded/3.0.3/kryo-shaded-3.0.3.jar
7f423c333000-7f423c346000 r--s 00345000 08:07 7602697                    /home/sumit/Downloads/jdk1.8.0_121/jre/lib/resources.jar
7f423c346000-7f423c361000 r--s 00209000 08:07 7602581                    /home/sumit/Downloads/jdk1.8.0_121/jre/lib/deploy.jar
7f423c361000-7f423c362000 ---p 00000000 00:00 0 
7f423c362000-7f423c462000 rw-p 00000000 00:00 0                          [stack:24882]
7f423c462000-7f423c465000 ---p 00000000 00:00 0 
7f423c465000-7f423c563000 rw-p 00000000 00:00 0                          [stack:24881]
7f423c563000-7f423c566000 ---p 00000000 00:00 0 
7f423c566000-7f423c664000 rw-p 00000000 00:00 0                          [stack:24880]
7f423c664000-7f423c667000 ---p 00000000 00:00 0 
7f423c667000-7f423c765000 rw-p 00000000 00:00 0                          [stack:24879]
7f423c765000-7f423c768000 ---p 00000000 00:00 0 
7f423c768000-7f423c866000 rw-p 00000000 00:00 0                          [stack:24878]
7f423c866000-7f423c869000 ---p 00000000 00:00 0 
7f423c869000-7f423c967000 rw-p 00000000 00:00 0                          [stack:24877]
7f423c967000-7f423d049000 r--p 00000000 08:07 12852413                   /usr/lib/locale/locale-archive
7f423d049000-7f423d04c000 ---p 00000000 00:00 0 
7f423d04c000-7f423d14a000 rw-p 00000000 00:00 0                          [stack:24870]
7f423d14a000-7f423d14d000 ---p 00000000 00:00 0 
7f423d14d000-7f423d24b000 rw-p 00000000 00:00 0                          [stack:24868]
7f423d24b000-7f423d24c000 ---p 00000000 00:00 0 
7f423d24c000-7f423e30d000 rw-p 00000000 00:00 0                          [stack:24866]
7f423e30d000-7f423e4e6000 r--s 03d3e000 08:07 7602465                    /home/sumit/Downloads/jdk1.8.0_121/jre/lib/rt.jar
7f423e4e6000-7f423f136000 rw-p 00000000 00:00 0 
7f423f136000-7f423f137000 ---p 00000000 00:00 0 
7f423f137000-7f423f237000 rw-p 00000000 00:00 0                          [stack:24854]
7f423f237000-7f423f238000 ---p 00000000 00:00 0 
7f423f238000-7f423f338000 rw-p 00000000 00:00 0                          [stack:24853]
7f423f338000-7f423f339000 ---p 00000000 00:00 0 
7f423f339000-7f423f439000 rw-p 00000000 00:00 0                          [stack:24852]
7f423f439000-7f423f43a000 ---p 00000000 00:00 0 
7f423f43a000-7f423f5b3000 rw-p 00000000 00:00 0                          [stack:24851]
7f423f5b3000-7f423f7cc000 ---p 00000000 00:00 0 
7f423f7cc000-7f423f845000 rw-p 00000000 00:00 0 
7f423f845000-7f423fa5d000 ---p 00000000 00:00 0 
7f423fa5d000-7f423fba6000 rw-p 00000000 00:00 0 
7f423fba6000-7f423fbcd000 rw-p 00000000 00:00 0 
7f423fbcd000-7f423ff67000 ---p 00000000 00:00 0 
7f423ff67000-7f42408e7000 rwxp 00000000 00:00 0 
7f42408e7000-7f424ef67000 ---p 00000000 00:00 0 
7f424ef67000-7f424ef81000 r-xp 00000000 08:07 7602496                    /home/sumit/Downloads/jdk1.8.0_121/jre/lib/amd64/libzip.so
7f424ef81000-7f424f181000 ---p 0001a000 08:07 7602496                    /home/sumit/Downloads/jdk1.8.0_121/jre/lib/amd64/libzip.so
7f424f181000-7f424f182000 rw-p 0001a000 08:07 7602496                    /home/sumit/Downloads/jdk1.8.0_121/jre/lib/amd64/libzip.so
7f424f182000-7f424f18e000 r-xp 00000000 08:07 6295800                    /lib/x86_64-linux-gnu/libnss_files-2.21.so
7f424f18e000-7f424f38d000 ---p 0000c000 08:07 6295800                    /lib/x86_64-linux-gnu/libnss_files-2.21.so
7f424f38d000-7f424f38e000 r--p 0000b000 08:07 6295800                    /lib/x86_64-linux-gnu/libnss_files-2.21.so
7f424f38e000-7f424f38f000 rw-p 0000c000 08:07 6295800                    /lib/x86_64-linux-gnu/libnss_files-2.21.so
7f424f38f000-7f424f39a000 r-xp 00000000 08:07 6295810                    /lib/x86_64-linux-gnu/libnss_nis-2.21.so
7f424f39a000-7f424f599000 ---p 0000b000 08:07 6295810                    /lib/x86_64-linux-gnu/libnss_nis-2.21.so
7f424f599000-7f424f59a000 r--p 0000a000 08:07 6295810                    /lib/x86_64-linux-gnu/libnss_nis-2.21.so
7f424f59a000-7f424f59b000 rw-p 0000b000 08:07 6295810                    /lib/x86_64-linux-gnu/libnss_nis-2.21.so
7f424f59b000-7f424f5b2000 r-xp 00000000 08:07 6295794                    /lib/x86_64-linux-gnu/libnsl-2.21.so
7f424f5b2000-7f424f7b1000 ---p 00017000 08:07 6295794                    /lib/x86_64-linux-gnu/libnsl-2.21.so
7f424f7b1000-7f424f7b2000 r--p 00016000 08:07 6295794                    /lib/x86_64-linux-gnu/libnsl-2.21.so
7f424f7b2000-7f424f7b3000 rw-p 00017000 08:07 6295794                    /lib/x86_64-linux-gnu/libnsl-2.21.so
7f424f7b3000-7f424f7b5000 rw-p 00000000 00:00 0 
7f424f7b5000-7f424f7bd000 r-xp 00000000 08:07 6295796                    /lib/x86_64-linux-gnu/libnss_compat-2.21.so
7f424f7bd000-7f424f9bc000 ---p 00008000 08:07 6295796                    /lib/x86_64-linux-gnu/libnss_compat-2.21.so
7f424f9bc000-7f424f9bd000 r--p 00007000 08:07 6295796                    /lib/x86_64-linux-gnu/libnss_compat-2.21.so
7f424f9bd000-7f424f9be000 rw-p 00008000 08:07 6295796                    /lib/x86_64-linux-gnu/libnss_compat-2.21.so
7f424f9be000-7f424f9e9000 r-xp 00000000 08:07 7602523                    /home/sumit/Downloads/jdk1.8.0_121/jre/lib/amd64/libjava.so
7f424f9e9000-7f424fbe8000 ---p 0002b000 08:07 7602523                    /home/sumit/Downloads/jdk1.8.0_121/jre/lib/amd64/libjava.so
7f424fbe8000-7f424fbea000 rw-p 0002a000 08:07 7602523                    /home/sumit/Downloads/jdk1.8.0_121/jre/lib/amd64/libjava.so
7f424fbea000-7f424fbf7000 r-xp 00000000 08:07 7602474                    /home/sumit/Downloads/jdk1.8.0_121/jre/lib/amd64/libverify.so
7f424fbf7000-7f424fdf6000 ---p 0000d000 08:07 7602474                    /home/sumit/Downloads/jdk1.8.0_121/jre/lib/amd64/libverify.so
7f424fdf6000-7f424fdf8000 rw-p 0000c000 08:07 7602474                    /home/sumit/Downloads/jdk1.8.0_121/jre/lib/amd64/libverify.so
7f424fdf8000-7f424fdff000 r-xp 00000000 08:07 6295855                    /lib/x86_64-linux-gnu/librt-2.21.so
7f424fdff000-7f424fffe000 ---p 00007000 08:07 6295855                    /lib/x86_64-linux-gnu/librt-2.21.so
7f424fffe000-7f424ffff000 r--p 00006000 08:07 6295855                    /lib/x86_64-linux-gnu/librt-2.21.so
7f424ffff000-7f4250000000 rw-p 00007000 08:07 6295855                    /lib/x86_64-linux-gnu/librt-2.21.so
7f4250000000-7f4251480000 rw-p 00000000 00:00 0 
7f4251480000-7f4254000000 ---p 00000000 00:00 0 
7f4254000000-7f4254012000 r--s 000d6000 08:07 7602696                    /home/sumit/Downloads/jdk1.8.0_121/jre/lib/plugin.jar
7f4254012000-7f4254033000 rw-p 00000000 00:00 0 
7f4254033000-7f425413a000 r-xp 00000000 08:07 6295773                    /lib/x86_64-linux-gnu/libm-2.21.so
7f425413a000-7f4254339000 ---p 00107000 08:07 6295773                    /lib/x86_64-linux-gnu/libm-2.21.so
7f4254339000-7f425433a000 r--p 00106000 08:07 6295773                    /lib/x86_64-linux-gnu/libm-2.21.so
7f425433a000-7f425433b000 rw-p 00107000 08:07 6295773                    /lib/x86_64-linux-gnu/libm-2.21.so
7f425433b000-7f4255009000 r-xp 00000000 08:07 7602527                    /home/sumit/Downloads/jdk1.8.0_121/jre/lib/amd64/server/libjvm.so
7f4255009000-7f4255209000 ---p 00cce000 08:07 7602527                    /home/sumit/Downloads/jdk1.8.0_121/jre/lib/amd64/server/libjvm.so
7f4255209000-7f42552e2000 rw-p 00cce000 08:07 7602527                    /home/sumit/Downloads/jdk1.8.0_121/jre/lib/amd64/server/libjvm.so
7f42552e2000-7f425532d000 rw-p 00000000 00:00 0 
7f425532d000-7f42554ed000 r-xp 00000000 08:07 6295714                    /lib/x86_64-linux-gnu/libc-2.21.so
7f42554ed000-7f42556ed000 ---p 001c0000 08:07 6295714                    /lib/x86_64-linux-gnu/libc-2.21.so
7f42556ed000-7f42556f1000 r--p 001c0000 08:07 6295714                    /lib/x86_64-linux-gnu/libc-2.21.so
7f42556f1000-7f42556f3000 rw-p 001c4000 08:07 6295714                    /lib/x86_64-linux-gnu/libc-2.21.so
7f42556f3000-7f42556f7000 rw-p 00000000 00:00 0 
7f42556f7000-7f42556fa000 r-xp 00000000 08:07 6295731                    /lib/x86_64-linux-gnu/libdl-2.21.so
7f42556fa000-7f42558f9000 ---p 00003000 08:07 6295731                    /lib/x86_64-linux-gnu/libdl-2.21.so
7f42558f9000-7f42558fa000 r--p 00002000 08:07 6295731                    /lib/x86_64-linux-gnu/libdl-2.21.so
7f42558fa000-7f42558fb000 rw-p 00003000 08:07 6295731                    /lib/x86_64-linux-gnu/libdl-2.21.so
7f42558fb000-7f4255910000 r-xp 00000000 08:07 7474822                    /home/sumit/Downloads/jdk1.8.0_121/lib/amd64/jli/libjli.so
7f4255910000-7f4255b10000 ---p 00015000 08:07 7474822                    /home/sumit/Downloads/jdk1.8.0_121/lib/amd64/jli/libjli.so
7f4255b10000-7f4255b11000 rw-p 00015000 08:07 7474822                    /home/sumit/Downloads/jdk1.8.0_121/lib/amd64/jli/libjli.so
7f4255b11000-7f4255b29000 r-xp 00000000 08:07 6295847                    /lib/x86_64-linux-gnu/libpthread-2.21.so
7f4255b29000-7f4255d29000 ---p 00018000 08:07 6295847                    /lib/x86_64-linux-gnu/libpthread-2.21.so
7f4255d29000-7f4255d2a000 r--p 00018000 08:07 6295847                    /lib/x86_64-linux-gnu/libpthread-2.21.so
7f4255d2a000-7f4255d2b000 rw-p 00019000 08:07 6295847                    /lib/x86_64-linux-gnu/libpthread-2.21.so
7f4255d2b000-7f4255d2f000 rw-p 00000000 00:00 0 
7f4255d2f000-7f4255d53000 r-xp 00000000 08:07 6295686                    /lib/x86_64-linux-gnu/ld-2.21.so
7f4255d53000-7f4255d56000 r--s 00028000 08:07 7997374                    /home/sumit/.coursier/cache/v1/https/repo1.maven.org/maven2/com/clearspring/analytics/stream/2.7.0/stream-2.7.0.jar
7f4255d56000-7f4255d58000 r--s 00000000 08:07 7997553                    /home/sumit/.coursier/cache/v1/https/repo1.maven.org/maven2/aopalliance/aopalliance/1.0/aopalliance-1.0.jar
7f4255d58000-7f4255d59000 r--s 00000000 08:07 7602544                    /home/sumit/Downloads/jdk1.8.0_121/jre/lib/management-agent.jar
7f4255d59000-7f4255d5d000 r--s 0009a000 08:07 7602417                    /home/sumit/Downloads/jdk1.8.0_121/jre/lib/jsse.jar
7f4255d5d000-7f4255d5f000 r--s 00007000 08:07 7602538                    /home/sumit/Downloads/jdk1.8.0_121/jre/lib/jfxswt.jar
7f4255d5f000-7f4255d64000 r--s 00084000 08:07 7602572                    /home/sumit/Downloads/jdk1.8.0_121/jre/lib/jfr.jar
7f4255d64000-7f4255d67000 r--s 0001a000 08:07 7602727                    /home/sumit/Downloads/jdk1.8.0_121/jre/lib/jce.jar
7f4255d67000-7f4255e32000 rw-p 00000000 00:00 0 
7f4255e32000-7f4255e35000 ---p 00000000 00:00 0 
7f4255e35000-7f4255f37000 rw-p 00000000 00:00 0                          [stack:24850]
7f4255f37000-7f4255f41000 r--s 0006c000 08:07 7602580                    /home/sumit/Downloads/jdk1.8.0_121/jre/lib/javaws.jar
7f4255f41000-7f4255f46000 r--s 002f9000 08:07 7602418                    /home/sumit/Downloads/jdk1.8.0_121/jre/lib/charsets.jar
7f4255f46000-7f4255f4e000 rw-s 00000000 08:07 9176163                    /tmp/hsperfdata_sumit/24849
7f4255f4e000-7f4255f4f000 rw-p 00000000 00:00 0 
7f4255f4f000-7f4255f50000 ---p 00000000 00:00 0 
7f4255f50000-7f4255f52000 rw-p 00000000 00:00 0 
7f4255f52000-7f4255f53000 r--p 00023000 08:07 6295686                    /lib/x86_64-linux-gnu/ld-2.21.so
7f4255f53000-7f4255f54000 rw-p 00024000 08:07 6295686                    /lib/x86_64-linux-gnu/ld-2.21.so
7f4255f54000-7f4255f55000 rw-p 00000000 00:00 0 
7ffcc65a7000-7ffcc65cc000 rw-p 00000000 00:00 0                          [stack]
7ffcc65cc000-7ffcc65ce000 r--p 00000000 00:00 0                          [vvar]
7ffcc65ce000-7ffcc65d0000 r-xp 00000000 00:00 0                          [vdso]
ffffffffff600000-ffffffffff601000 r-xp 00000000 00:00 0                  [vsyscall]

VM Arguments:
jvm_args: -Didea.launcher.port=7532 -Didea.launcher.bin.path=/home/sumit/IntelliJ/idea-IC-163.12024.16/bin -Dfile.encoding=UTF-8 
java_command: com.intellij.rt.execution.application.AppMain stackoverflow.StackOverflow
java_class_path (initial): /home/sumit/Downloads/jdk1.8.0_121/jre/lib/charsets.jar:/home/sumit/Downloads/jdk1.8.0_121/jre/lib/deploy.jar:/home/sumit/Downloads/jdk1.8.0_121/jre/lib/ext/cldrdata.jar:/home/sumit/Downloads/jdk1.8.0_121/jre/lib/ext/dnsns.jar:/home/sumit/Downloads/jdk1.8.0_121/jre/lib/ext/jaccess.jar:/home/sumit/Downloads/jdk1.8.0_121/jre/lib/ext/jfxrt.jar:/home/sumit/Downloads/jdk1.8.0_121/jre/lib/ext/localedata.jar:/home/sumit/Downloads/jdk1.8.0_121/jre/lib/ext/nashorn.jar:/home/sumit/Downloads/jdk1.8.0_121/jre/lib/ext/sunec.jar:/home/sumit/Downloads/jdk1.8.0_121/jre/lib/ext/sunjce_provider.jar:/home/sumit/Downloads/jdk1.8.0_121/jre/lib/ext/sunpkcs11.jar:/home/sumit/Downloads/jdk1.8.0_121/jre/lib/ext/zipfs.jar:/home/sumit/Downloads/jdk1.8.0_121/jre/lib/javaws.jar:/home/sumit/Downloads/jdk1.8.0_121/jre/lib/jce.jar:/home/sumit/Downloads/jdk1.8.0_121/jre/lib/jfr.jar:/home/sumit/Downloads/jdk1.8.0_121/jre/lib/jfxswt.jar:/home/sumit/Downloads/jdk1.8.0_121/jre/lib/jsse.jar:/home/sumit/Downloads/jdk1.8.0_121/jre/lib/management-agent.jar:/home/sumit/Downloads/jdk1.8.0_121/jre/lib/plugin.jar:/home/sumit/Downloads/jdk1.8.0_121/jre/lib/resources.jar:/home/sumit/Downloads/jdk1.8.0_121/jre/lib/rt.jar:/home/sumit/Desktop/Spark Assignments/stackoverflow/target/scala-2.11/classes:/home/sumit/.coursier/cache/v1/https/repo1.maven.org/maven2/aopalliance/aopalliance/1.0/aopalliance-1.0.jar:/home/sumit/.coursier/cache/v1/https/repo1.maven.org/maven2/com/clearspring/analytics/stream/2.7.0/stream-2.7.0.jar:/home/sumit/.coursier/cache/v1/https/repo1.maven.org/maven2/com/esotericsoftware/kryo-shaded/3.0.3/kryo-shaded-3.0.3.jar:/home/sumit/.coursier/cache/v1/https/repo1.maven.org/maven2/com/esotericsoftware/minlog/1.3.0/minlog-1.3.0.jar:/home/sumit/.coursier/cache/v1/https/repo1.maven.org/maven2/com/fasterxml/jackson/core/jackson-annotations/2.6.5/jackson-annotations-2.6.5.jar:/home/sumit/.coursier/cache/v1/https/repo1.maven.org/maven2/com/fasterxml/jackson/core/jackson-core/2
Launcher Type: SUN_STANDARD

Environment Variables:
PATH=/usr/local/sbin:/usr/local/bin:/usr/sbin:/usr/bin:/sbin:/bin:/usr/games:/usr/local/games
LD_LIBRARY_PATH=/home/sumit/IntelliJ/idea-IC-163.12024.16/bin:
SHELL=/bin/bash
DISPLAY=:0

Signal Handlers:
SIGSEGV: [libjvm.so+0xac78c0], sa_mask[0]=11111111011111111101111111111110, sa_flags=SA_RESTART|SA_SIGINFO
SIGBUS: [libjvm.so+0xac78c0], sa_mask[0]=11111111011111111101111111111110, sa_flags=SA_RESTART|SA_SIGINFO
SIGFPE: [libjvm.so+0x920ac0], sa_mask[0]=11111111011111111101111111111110, sa_flags=SA_RESTART|SA_SIGINFO
SIGPIPE: [libjvm.so+0x920ac0], sa_mask[0]=11111111011111111101111111111110, sa_flags=SA_RESTART|SA_SIGINFO
SIGXFSZ: [libjvm.so+0x920ac0], sa_mask[0]=11111111011111111101111111111110, sa_flags=SA_RESTART|SA_SIGINFO
SIGILL: [libjvm.so+0x920ac0], sa_mask[0]=11111111011111111101111111111110, sa_flags=SA_RESTART|SA_SIGINFO
SIGUSR1: SIG_DFL, sa_mask[0]=00000000000000000000000000000000, sa_flags=none
SIGUSR2: [libjvm.so+0x922300], sa_mask[0]=00100000000000000000000000000000, sa_flags=SA_RESTART|SA_SIGINFO
SIGHUP: [libjvm.so+0x923700], sa_mask[0]=11111111011111111101111111111110, sa_flags=SA_RESTART|SA_SIGINFO
SIGINT: [libjvm.so+0x923700], sa_mask[0]=11111111011111111101111111111110, sa_flags=SA_RESTART|SA_SIGINFO
SIGTERM: [libjvm.so+0x923700], sa_mask[0]=11111111011111111101111111111110, sa_flags=SA_RESTART|SA_SIGINFO
SIGQUIT: [libjvm.so+0x923700], sa_mask[0]=11111111011111111101111111111110, sa_flags=SA_RESTART|SA_SIGINFO


---------------  S Y S T E M  ---------------

OS:DISTRIB_ID=Ubuntu
DISTRIB_RELEASE=15.04
DISTRIB_CODENAME=vivid
DISTRIB_DESCRIPTION="Ubuntu 15.04"

uname:Linux 3.19.0-15-generic #15-Ubuntu SMP Thu Apr 16 23:32:37 UTC 2015 x86_64
libc:glibc 2.21 NPTL 2.21 
rlimit: STACK 8192k, CORE 0k, NPROC 31451, NOFILE 65536, AS infinity
load average:1.54 0.58 0.37

/proc/meminfo:
MemTotal:        8073992 kB
MemFree:          155656 kB
MemAvailable:     113652 kB
Buffers:            1244 kB
Cached:           516512 kB
SwapCached:            0 kB
Active:          7218708 kB
Inactive:         481216 kB
Active(anon):    7201200 kB
Inactive(anon):   446984 kB
Active(file):      17508 kB
Inactive(file):    34232 kB
Unevictable:         136 kB
Mlocked:             136 kB
SwapTotal:             0 kB
SwapFree:              0 kB
Dirty:                52 kB
Writeback:             0 kB
AnonPages:       7183396 kB
Mapped:           296880 kB
Shmem:            465208 kB
Slab:              72120 kB
SReclaimable:      33188 kB
SUnreclaim:        38932 kB
KernelStack:       11632 kB
PageTables:        65004 kB
NFS_Unstable:          0 kB
Bounce:                0 kB
WritebackTmp:          0 kB
CommitLimit:     4036996 kB
Committed_AS:   13408504 kB
VmallocTotal:   34359738367 kB
VmallocUsed:      362048 kB
VmallocChunk:   34359370748 kB
HardwareCorrupted:     0 kB
AnonHugePages:   2818048 kB
CmaTotal:              0 kB
CmaFree:               0 kB
HugePages_Total:       0
HugePages_Free:        0
HugePages_Rsvd:        0
HugePages_Surp:        0
Hugepagesize:       2048 kB
DirectMap4k:      217592 kB
DirectMap2M:     8069120 kB
DirectMap1G:     1048576 kB


CPU:total 4 (2 cores per cpu, 2 threads per core) family 6 model 61 stepping 4, cmov, cx8, fxsr, mmx, sse, sse2, sse3, ssse3, sse4.1, sse4.2, popcnt, avx, avx2, aes, clmul, erms, 3dnowpref, lzcnt, ht, tsc, tscinvbit, bmi1, bmi2, adx

/proc/cpuinfo:
processor	: 0
vendor_id	: GenuineIntel
cpu family	: 6
model		: 61
model name	: Intel(R) Core(TM) i5-5200U CPU @ 2.20GHz
stepping	: 4
microcode	: 0x13
cpu MHz		: 2656.156
cache size	: 3072 KB
physical id	: 0
siblings	: 4
core id		: 0
cpu cores	: 2
apicid		: 0
initial apicid	: 0
fpu		: yes
fpu_exception	: yes
cpuid level	: 20
wp		: yes
flags		: fpu vme de pse tsc msr pae mce cx8 apic sep mtrr pge mca cmov pat pse36 clflush dts acpi mmx fxsr sse sse2 ss ht tm pbe syscall nx pdpe1gb rdtscp lm constant_tsc arch_perfmon pebs bts rep_good nopl xtopology nonstop_tsc aperfmperf eagerfpu pni pclmulqdq dtes64 monitor ds_cpl vmx est tm2 ssse3 fma cx16 xtpr pdcm pcid sse4_1 sse4_2 x2apic movbe popcnt tsc_deadline_timer aes xsave avx f16c rdrand lahf_lm abm 3dnowprefetch ida arat epb pln pts dtherm tpr_shadow vnmi flexpriority ept vpid fsgsbase tsc_adjust bmi1 avx2 smep bmi2 erms invpcid rdseed adx smap xsaveopt
bugs		:
bogomips	: 4393.43
clflush size	: 64
cache_alignment	: 64
address sizes	: 39 bits physical, 48 bits virtual
power management:

processor	: 1
vendor_id	: GenuineIntel
cpu family	: 6
model		: 61
model name	: Intel(R) Core(TM) i5-5200U CPU @ 2.20GHz
stepping	: 4
microcode	: 0x13
cpu MHz		: 2487.718
cache size	: 3072 KB
physical id	: 0
siblings	: 4
core id		: 1
cpu cores	: 2
apicid		: 2
initial apicid	: 2
fpu		: yes
fpu_exception	: yes
cpuid level	: 20
wp		: yes
flags		: fpu vme de pse tsc msr pae mce cx8 apic sep mtrr pge mca cmov pat pse36 clflush dts acpi mmx fxsr sse sse2 ss ht tm pbe syscall nx pdpe1gb rdtscp lm constant_tsc arch_perfmon pebs bts rep_good nopl xtopology nonstop_tsc aperfmperf eagerfpu pni pclmulqdq dtes64 monitor ds_cpl vmx est tm2 ssse3 fma cx16 xtpr pdcm pcid sse4_1 sse4_2 x2apic movbe popcnt tsc_deadline_timer aes xsave avx f16c rdrand lahf_lm abm 3dnowprefetch ida arat epb pln pts dtherm tpr_shadow vnmi flexpriority ept vpid fsgsbase tsc_adjust bmi1 avx2 smep bmi2 erms invpcid rdseed adx smap xsaveopt
bugs		:
bogomips	: 4393.43
clflush size	: 64
cache_alignment	: 64
address sizes	: 39 bits physical, 48 bits virtual
power management:

processor	: 2
vendor_id	: GenuineIntel
cpu family	: 6
model		: 61
model name	: Intel(R) Core(TM) i5-5200U CPU @ 2.20GHz
stepping	: 4
microcode	: 0x13
cpu MHz		: 2602.359
cache size	: 3072 KB
physical id	: 0
siblings	: 4
core id		: 0
cpu cores	: 2
apicid		: 1
initial apicid	: 1
fpu		: yes
fpu_exception	: yes
cpuid level	: 20
wp		: yes
flags		: fpu vme de pse tsc msr pae mce cx8 apic sep mtrr pge mca cmov pat pse36 clflush dts acpi mmx fxsr sse sse2 ss ht tm pbe syscall nx pdpe1gb rdtscp lm constant_tsc arch_perfmon pebs bts rep_good nopl xtopology nonstop_tsc aperfmperf eagerfpu pni pclmulqdq dtes64 monitor ds_cpl vmx est tm2 ssse3 fma cx16 xtpr pdcm pcid sse4_1 sse4_2 x2apic movbe popcnt tsc_deadline_timer aes xsave avx f16c rdrand lahf_lm abm 3dnowprefetch ida arat epb pln pts dtherm tpr_shadow vnmi flexpriority ept vpid fsgsbase tsc_adjust bmi1 avx2 smep bmi2 erms invpcid rdseed adx smap xsaveopt
bugs		:
bogomips	: 4393.43
clflush size	: 64
cache_alignment	: 64
address sizes	: 39 bits physical, 48 bits virtual
power management:

processor	: 3
vendor_id	: GenuineIntel
cpu family	: 6
model		: 61
model name	: Intel(R) Core(TM) i5-5200U CPU @ 2.20GHz
stepping	: 4
microcode	: 0x13
cpu MHz		: 2666.468
cache size	: 3072 KB
physical id	: 0
siblings	: 4
core id		: 1
cpu cores	: 2
apicid		: 3
initial apicid	: 3
fpu		: yes
fpu_exception	: yes
cpuid level	: 20
wp		: yes
flags		: fpu vme de pse tsc msr pae mce cx8 apic sep mtrr pge mca cmov pat pse36 clflush dts acpi mmx fxsr sse sse2 ss ht tm pbe syscall nx pdpe1gb rdtscp lm constant_tsc arch_perfmon pebs bts rep_good nopl xtopology nonstop_tsc aperfmperf eagerfpu pni pclmulqdq dtes64 monitor ds_cpl vmx est tm2 ssse3 fma cx16 xtpr pdcm pcid sse4_1 sse4_2 x2apic movbe popcnt tsc_deadline_timer aes xsave avx f16c rdrand lahf_lm abm 3dnowprefetch ida arat epb pln pts dtherm tpr_shadow vnmi flexpriority ept vpid fsgsbase tsc_adjust bmi1 avx2 smep bmi2 erms invpcid rdseed adx smap xsaveopt
bugs		:
bogomips	: 4393.43
clflush size	: 64
cache_alignment	: 64
address sizes	: 39 bits physical, 48 bits virtual
power management:



Memory: 4k page, physical 8073992k(155656k free), swap 0k(0k free)

vm_info: Java HotSpot(TM) 64-Bit Server VM (25.121-b13) for linux-amd64 JRE (1.8.0_121-b13), built on Dec 12 2016 16:36:53 by "java_re" with gcc 4.3.0 20080428 (Red Hat 4.3.0-8)

time: Fri Aug  4 21:09:40 2017
elapsed time: 49 seconds (0d 0h 0m 49s)

